{"/home/travis/build/npmtest/node-npmtest-filesaver.js/test.js":{"path":"/home/travis/build/npmtest/node-npmtest-filesaver.js/test.js","s":{"1":2,"2":2,"3":2,"4":2,"5":2,"6":2,"7":2,"8":1,"9":2,"10":2,"11":1,"12":1,"13":1,"14":1,"15":2,"16":2,"17":2,"18":2,"19":1,"20":1,"21":2,"22":2,"23":2,"24":1,"25":1,"26":1,"27":1,"28":1,"29":1,"30":1,"31":1,"32":1,"33":1,"34":1,"35":1,"36":1,"37":2,"38":2,"39":1,"40":2,"41":2,"42":1,"43":2,"44":2,"45":1,"46":2,"47":2,"48":1,"49":1,"50":1,"51":1,"52":1},"b":{"1":[2,1,1,1],"2":[1,1,1,1],"3":[1,1],"4":[1,1],"5":[1,1],"6":[1,1],"7":[1,1],"8":[1,1],"9":[1,1,1],"10":[1,1],"11":[1,1],"12":[1,1],"13":[1,1],"14":[1,1],"15":[1,1],"16":[1,1]},"f":{"1":2,"2":2,"3":2,"4":2,"5":2,"6":1,"7":1,"8":2,"9":2,"10":2,"11":2,"12":1},"fnMap":{"1":{"name":"(anonymous_1)","line":12,"loc":{"start":{"line":12,"column":1},"end":{"line":12,"column":13}}},"2":{"name":"(anonymous_2)","line":19,"loc":{"start":{"line":19,"column":5},"end":{"line":19,"column":17}}},"3":{"name":"(anonymous_3)","line":23,"loc":{"start":{"line":23,"column":24},"end":{"line":23,"column":36}}},"4":{"name":"(anonymous_4)","line":61,"loc":{"start":{"line":61,"column":5},"end":{"line":61,"column":17}}},"5":{"name":"(anonymous_5)","line":82,"loc":{"start":{"line":82,"column":5},"end":{"line":82,"column":17}}},"6":{"name":"(anonymous_6)","line":102,"loc":{"start":{"line":102,"column":83},"end":{"line":105,"column":10}},"skip":true},"7":{"name":"(anonymous_7)","line":113,"loc":{"start":{"line":113,"column":77},"end":{"line":116,"column":10}},"skip":true},"8":{"name":"(anonymous_8)","line":129,"loc":{"start":{"line":129,"column":12},"end":{"line":129,"column":40}},"skip":true},"9":{"name":"(anonymous_9)","line":137,"loc":{"start":{"line":137,"column":77},"end":{"line":140,"column":10}},"skip":true},"10":{"name":"(anonymous_10)","line":148,"loc":{"start":{"line":148,"column":83},"end":{"line":151,"column":10}},"skip":true},"11":{"name":"(anonymous_11)","line":159,"loc":{"start":{"line":159,"column":79},"end":{"line":162,"column":10}},"skip":true},"12":{"name":"(anonymous_12)","line":170,"loc":{"start":{"line":170,"column":75},"end":{"line":173,"column":10}},"skip":true}},"statementMap":{"1":{"start":{"line":12,"column":0},"end":{"line":185,"column":5}},"2":{"start":{"line":14,"column":4},"end":{"line":14,"column":14}},"3":{"start":{"line":19,"column":4},"end":{"line":56,"column":9}},"4":{"start":{"line":21,"column":8},"end":{"line":21,"column":19}},"5":{"start":{"line":23,"column":8},"end":{"line":35,"column":13}},"6":{"start":{"line":24,"column":12},"end":{"line":34,"column":13}},"7":{"start":{"line":25,"column":16},"end":{"line":28,"column":30}},"8":{"start":{"line":30,"column":16},"end":{"line":33,"column":27}},"9":{"start":{"line":37,"column":8},"end":{"line":39,"column":21}},"10":{"start":{"line":40,"column":8},"end":{"line":53,"column":9}},"11":{"start":{"line":43,"column":12},"end":{"line":46,"column":14}},"12":{"start":{"line":47,"column":12},"end":{"line":47,"column":18}},"13":{"start":{"line":50,"column":12},"end":{"line":51,"column":46}},"14":{"start":{"line":52,"column":12},"end":{"line":52,"column":18}},"15":{"start":{"line":55,"column":8},"end":{"line":55,"column":35}},"16":{"start":{"line":61,"column":4},"end":{"line":63,"column":9}},"17":{"start":{"line":62,"column":8},"end":{"line":62,"column":15}},"18":{"start":{"line":64,"column":4},"end":{"line":77,"column":5}},"19":{"start":{"line":70,"column":8},"end":{"line":70,"column":14}},"20":{"start":{"line":76,"column":8},"end":{"line":76,"column":14}},"21":{"start":{"line":82,"column":4},"end":{"line":84,"column":9}},"22":{"start":{"line":83,"column":8},"end":{"line":83,"column":15}},"23":{"start":{"line":85,"column":4},"end":{"line":184,"column":5}},"24":{"start":{"line":92,"column":8},"end":{"line":94,"column":63}},"25":{"start":{"line":95,"column":8},"end":{"line":95,"column":14}},"26":{"start":{"line":102,"column":8},"end":{"line":111,"column":10},"skip":true},"27":{"start":{"line":109,"column":12},"end":{"line":109,"column":55},"skip":true},"28":{"start":{"line":110,"column":12},"end":{"line":110,"column":48},"skip":true},"29":{"start":{"line":113,"column":8},"end":{"line":126,"column":10},"skip":true},"30":{"start":{"line":120,"column":12},"end":{"line":120,"column":76},"skip":true},"31":{"start":{"line":121,"column":12},"end":{"line":121,"column":73},"skip":true},"32":{"start":{"line":122,"column":12},"end":{"line":122,"column":74},"skip":true},"33":{"start":{"line":123,"column":12},"end":{"line":123,"column":79},"skip":true},"34":{"start":{"line":124,"column":12},"end":{"line":124,"column":25},"skip":true},"35":{"start":{"line":125,"column":12},"end":{"line":125,"column":45},"skip":true},"36":{"start":{"line":128,"column":8},"end":{"line":135,"column":14},"skip":true},"37":{"start":{"line":133,"column":16},"end":{"line":133,"column":29},"skip":true},"38":{"start":{"line":134,"column":16},"end":{"line":134,"column":55},"skip":true},"39":{"start":{"line":137,"column":8},"end":{"line":146,"column":10},"skip":true},"40":{"start":{"line":144,"column":12},"end":{"line":144,"column":25},"skip":true},"41":{"start":{"line":145,"column":12},"end":{"line":145,"column":45},"skip":true},"42":{"start":{"line":148,"column":8},"end":{"line":157,"column":10},"skip":true},"43":{"start":{"line":155,"column":12},"end":{"line":155,"column":25},"skip":true},"44":{"start":{"line":156,"column":12},"end":{"line":156,"column":48},"skip":true},"45":{"start":{"line":159,"column":8},"end":{"line":168,"column":10},"skip":true},"46":{"start":{"line":166,"column":12},"end":{"line":166,"column":25},"skip":true},"47":{"start":{"line":167,"column":12},"end":{"line":167,"column":46},"skip":true},"48":{"start":{"line":170,"column":8},"end":{"line":179,"column":10},"skip":true},"49":{"start":{"line":177,"column":12},"end":{"line":177,"column":94},"skip":true},"50":{"start":{"line":178,"column":12},"end":{"line":178,"column":48},"skip":true},"51":{"start":{"line":182,"column":8},"end":{"line":182,"column":35},"skip":true},"52":{"start":{"line":183,"column":8},"end":{"line":183,"column":14},"skip":true}},"branchMap":{"1":{"line":25,"type":"binary-expr","locations":[{"start":{"line":25,"column":23},"end":{"line":25,"column":62}},{"start":{"line":26,"column":20},"end":{"line":26,"column":70}},{"start":{"line":27,"column":20},"end":{"line":27,"column":71}},{"start":{"line":28,"column":20},"end":{"line":28,"column":29}}]},"2":{"line":30,"type":"binary-expr","locations":[{"start":{"line":30,"column":23},"end":{"line":30,"column":37}},{"start":{"line":31,"column":20},"end":{"line":31,"column":61}},{"start":{"line":32,"column":20},"end":{"line":32,"column":70}},{"start":{"line":33,"column":20},"end":{"line":33,"column":26}}]},"3":{"line":37,"type":"cond-expr","locations":[{"start":{"line":38,"column":14},"end":{"line":38,"column":20}},{"start":{"line":39,"column":14},"end":{"line":39,"column":20}}]},"4":{"line":40,"type":"switch","locations":[{"start":{"line":42,"column":8},"end":{"line":47,"column":18}},{"start":{"line":49,"column":8},"end":{"line":52,"column":18}}]},"5":{"line":44,"type":"binary-expr","locations":[{"start":{"line":44,"column":16},"end":{"line":44,"column":44}},{"start":{"line":44,"column":48},"end":{"line":44,"column":66}}]},"6":{"line":50,"type":"binary-expr","locations":[{"start":{"line":50,"column":21},"end":{"line":50,"column":49}},{"start":{"line":50,"column":53},"end":{"line":50,"column":72}}]},"7":{"line":64,"type":"switch","locations":[{"start":{"line":69,"column":4},"end":{"line":70,"column":14}},{"start":{"line":75,"column":4},"end":{"line":76,"column":14}}]},"8":{"line":85,"type":"switch","locations":[{"start":{"line":90,"column":4},"end":{"line":95,"column":14}},{"start":{"line":101,"column":4},"end":{"line":183,"column":14},"skip":true}]},"9":{"line":92,"type":"binary-expr","locations":[{"start":{"line":92,"column":18},"end":{"line":92,"column":32}},{"start":{"line":93,"column":12},"end":{"line":93,"column":53}},{"start":{"line":94,"column":12},"end":{"line":94,"column":61}}]},"10":{"line":102,"type":"binary-expr","locations":[{"start":{"line":102,"column":45},"end":{"line":102,"column":79},"skip":true},{"start":{"line":102,"column":83},"end":{"line":111,"column":9},"skip":true}]},"11":{"line":113,"type":"binary-expr","locations":[{"start":{"line":113,"column":42},"end":{"line":113,"column":73},"skip":true},{"start":{"line":113,"column":77},"end":{"line":126,"column":9},"skip":true}]},"12":{"line":128,"type":"binary-expr","locations":[{"start":{"line":128,"column":48},"end":{"line":128,"column":85},"skip":true},{"start":{"line":129,"column":12},"end":{"line":135,"column":13},"skip":true}]},"13":{"line":137,"type":"binary-expr","locations":[{"start":{"line":137,"column":42},"end":{"line":137,"column":73},"skip":true},{"start":{"line":137,"column":77},"end":{"line":146,"column":9},"skip":true}]},"14":{"line":148,"type":"binary-expr","locations":[{"start":{"line":148,"column":45},"end":{"line":148,"column":79},"skip":true},{"start":{"line":148,"column":83},"end":{"line":157,"column":9},"skip":true}]},"15":{"line":159,"type":"binary-expr","locations":[{"start":{"line":159,"column":43},"end":{"line":159,"column":75},"skip":true},{"start":{"line":159,"column":79},"end":{"line":168,"column":9},"skip":true}]},"16":{"line":170,"type":"binary-expr","locations":[{"start":{"line":170,"column":41},"end":{"line":170,"column":71},"skip":true},{"start":{"line":170,"column":75},"end":{"line":179,"column":9},"skip":true}]}},"code":["/* istanbul instrument in package npmtest_filesaver_js */","/*jslint","    bitwise: true,","    browser: true,","    maxerr: 8,","    maxlen: 96,","    node: true,","    nomen: true,","    regexp: true,","    stupid: true","*/","(function () {","    'use strict';","    var local;","","","","    // run shared js-env code - pre-init","    (function () {","        // init local","        local = {};","        // init modeJs","        local.modeJs = (function () {","            try {","                return typeof navigator.userAgent === 'string' &&","                    typeof document.querySelector('body') === 'object' &&","                    typeof XMLHttpRequest.prototype.open === 'function' &&","                    'browser';","            } catch (errorCaughtBrowser) {","                return module.exports &&","                    typeof process.versions.node === 'string' &&","                    typeof require('http').createServer === 'function' &&","                    'node';","            }","        }());","        // init global","        local.global = local.modeJs === 'browser'","            ? window","            : global;","        switch (local.modeJs) {","        // re-init local from window.local","        case 'browser':","            local = local.global.utility2.objectSetDefault(","                local.global.utility2_rollup || local.global.local,","                local.global.utility2","            );","            break;","        // re-init local from example.js","        case 'node':","            local = (local.global.utility2_rollup || require('utility2'))","                .requireExampleJsFromReadme();","            break;","        }","        // export local","        local.global.local = local;","    }());","","","","    // run shared js-env code - function","    (function () {","        return;","    }());","    switch (local.modeJs) {","","","","    // run browser js-env code - function","    case 'browser':","        break;","","","","    // run node js-env code - function","    case 'node':","        break;","    }","","","","    // run shared js-env code - post-init","    (function () {","        return;","    }());","    switch (local.modeJs) {","","","","    // run browser js-env code - post-init","    case 'browser':","        // run tests","        local.nop(local.modeTest &&","            document.querySelector('#testRunButton1') &&","            document.querySelector('#testRunButton1').click());","        break;","","","","    // run node js-env code - post-init","    /* istanbul ignore next */","    case 'node':","        local.testCase_buildApidoc_default = local.testCase_buildApidoc_default || function (","            options,","            onError","        ) {","        /*","         * this function will test buildApidoc's default handling-behavior-behavior","         */","            options = { modulePathList: module.paths };","            local.buildApidoc(options, onError);","        };","","        local.testCase_buildApp_default = local.testCase_buildApp_default || function (","            options,","            onError","        ) {","        /*","         * this function will test buildApp's default handling-behavior-behavior","         */","            local.testCase_buildReadme_default(options, local.onErrorThrow);","            local.testCase_buildLib_default(options, local.onErrorThrow);","            local.testCase_buildTest_default(options, local.onErrorThrow);","            local.testCase_buildCustomOrg_default(options, local.onErrorThrow);","            options = [];","            local.buildApp(options, onError);","        };","","        local.testCase_buildCustomOrg_default = local.testCase_buildCustomOrg_default ||","            function (options, onError) {","            /*","             * this function will test buildCustomOrg's default handling-behavior","             */","                options = {};","                local.buildCustomOrg(options, onError);","            };","","        local.testCase_buildLib_default = local.testCase_buildLib_default || function (","            options,","            onError","        ) {","        /*","         * this function will test buildLib's default handling-behavior","         */","            options = {};","            local.buildLib(options, onError);","        };","","        local.testCase_buildReadme_default = local.testCase_buildReadme_default || function (","            options,","            onError","        ) {","        /*","         * this function will test buildReadme's default handling-behavior-behavior","         */","            options = {};","            local.buildReadme(options, onError);","        };","","        local.testCase_buildTest_default = local.testCase_buildTest_default || function (","            options,","            onError","        ) {","        /*","         * this function will test buildTest's default handling-behavior","         */","            options = {};","            local.buildTest(options, onError);","        };","","        local.testCase_webpage_default = local.testCase_webpage_default || function (","            options,","            onError","        ) {","        /*","         * this function will test webpage's default handling-behavior","         */","            options = { modeCoverageMerge: true, url: local.serverLocalHost + '?modeTest=1' };","            local.browserTest(options, onError);","        };","","        // run test-server","        local.testRunServer(local);","        break;","    }","}());",""],"l":{"12":2,"14":2,"19":2,"21":2,"23":2,"24":2,"25":2,"30":1,"37":2,"40":2,"43":1,"47":1,"50":1,"52":1,"55":2,"61":2,"62":2,"64":2,"70":1,"76":1,"82":2,"83":2,"85":2,"92":1,"95":1,"102":1,"109":1,"110":1,"113":1,"120":1,"121":1,"122":1,"123":1,"124":1,"125":1,"128":1,"133":2,"134":2,"137":1,"144":2,"145":2,"148":1,"155":2,"156":2,"159":1,"166":2,"167":2,"170":1,"177":1,"178":1,"182":1,"183":1}},"/home/travis/build/npmtest/node-npmtest-filesaver.js/lib.npmtest_filesaver.js.js":{"path":"/home/travis/build/npmtest/node-npmtest-filesaver.js/lib.npmtest_filesaver.js.js","s":{"1":2,"2":2,"3":2,"4":2,"5":2,"6":2,"7":2,"8":1,"9":2,"10":2,"11":2,"12":2,"13":1,"14":1,"15":1,"16":1},"b":{"1":[2,1,1,1],"2":[1,1,1,1],"3":[1,1],"4":[2,2],"5":[1,1]},"f":{"1":2,"2":2,"3":2},"fnMap":{"1":{"name":"(anonymous_1)","line":12,"loc":{"start":{"line":12,"column":1},"end":{"line":12,"column":13}}},"2":{"name":"(anonymous_2)","line":19,"loc":{"start":{"line":19,"column":5},"end":{"line":19,"column":17}}},"3":{"name":"(anonymous_3)","line":23,"loc":{"start":{"line":23,"column":24},"end":{"line":23,"column":36}}}},"statementMap":{"1":{"start":{"line":12,"column":0},"end":{"line":53,"column":5}},"2":{"start":{"line":14,"column":4},"end":{"line":14,"column":14}},"3":{"start":{"line":19,"column":4},"end":{"line":52,"column":9}},"4":{"start":{"line":21,"column":8},"end":{"line":21,"column":19}},"5":{"start":{"line":23,"column":8},"end":{"line":35,"column":13}},"6":{"start":{"line":24,"column":12},"end":{"line":34,"column":13}},"7":{"start":{"line":25,"column":16},"end":{"line":28,"column":30}},"8":{"start":{"line":30,"column":16},"end":{"line":33,"column":27}},"9":{"start":{"line":37,"column":8},"end":{"line":39,"column":21}},"10":{"start":{"line":41,"column":8},"end":{"line":41,"column":54}},"11":{"start":{"line":43,"column":8},"end":{"line":43,"column":57}},"12":{"start":{"line":45,"column":8},"end":{"line":51,"column":9}},"13":{"start":{"line":46,"column":12},"end":{"line":46,"column":63}},"14":{"start":{"line":48,"column":12},"end":{"line":48,"column":35}},"15":{"start":{"line":49,"column":12},"end":{"line":49,"column":49}},"16":{"start":{"line":50,"column":12},"end":{"line":50,"column":43}}},"branchMap":{"1":{"line":25,"type":"binary-expr","locations":[{"start":{"line":25,"column":23},"end":{"line":25,"column":62}},{"start":{"line":26,"column":20},"end":{"line":26,"column":70}},{"start":{"line":27,"column":20},"end":{"line":27,"column":71}},{"start":{"line":28,"column":20},"end":{"line":28,"column":29}}]},"2":{"line":30,"type":"binary-expr","locations":[{"start":{"line":30,"column":23},"end":{"line":30,"column":37}},{"start":{"line":31,"column":20},"end":{"line":31,"column":61}},{"start":{"line":32,"column":20},"end":{"line":32,"column":70}},{"start":{"line":33,"column":20},"end":{"line":33,"column":26}}]},"3":{"line":37,"type":"cond-expr","locations":[{"start":{"line":38,"column":14},"end":{"line":38,"column":20}},{"start":{"line":39,"column":14},"end":{"line":39,"column":20}}]},"4":{"line":41,"type":"binary-expr","locations":[{"start":{"line":41,"column":16},"end":{"line":41,"column":44}},{"start":{"line":41,"column":48},"end":{"line":41,"column":53}}]},"5":{"line":45,"type":"if","locations":[{"start":{"line":45,"column":8},"end":{"line":45,"column":8}},{"start":{"line":45,"column":8},"end":{"line":45,"column":8}}]}},"code":["/* istanbul instrument in package npmtest_filesaver_js */","/*jslint","    bitwise: true,","    browser: true,","    maxerr: 8,","    maxlen: 96,","    node: true,","    nomen: true,","    regexp: true,","    stupid: true","*/","(function () {","    'use strict';","    var local;","","","","    // run shared js-env code - pre-init","    (function () {","        // init local","        local = {};","        // init modeJs","        local.modeJs = (function () {","            try {","                return typeof navigator.userAgent === 'string' &&","                    typeof document.querySelector('body') === 'object' &&","                    typeof XMLHttpRequest.prototype.open === 'function' &&","                    'browser';","            } catch (errorCaughtBrowser) {","                return module.exports &&","                    typeof process.versions.node === 'string' &&","                    typeof require('http').createServer === 'function' &&","                    'node';","            }","        }());","        // init global","        local.global = local.modeJs === 'browser'","            ? window","            : global;","        // init utility2_rollup","        local = local.global.utility2_rollup || local;","        // init lib","        local.local = local.npmtest_filesaver_js = local;","        // init exports","        if (local.modeJs === 'browser') {","            local.global.utility2_npmtest_filesaver_js = local;","        } else {","            module.exports = local;","            module.exports.__dirname = __dirname;","            module.exports.module = module;","        }","    }());","}());",""],"l":{"12":2,"14":2,"19":2,"21":2,"23":2,"24":2,"25":2,"30":1,"37":2,"41":2,"43":2,"45":2,"46":1,"48":1,"49":1,"50":1}},"/home/travis/build/npmtest/node-npmtest-filesaver.js/example.js":{"path":"/home/travis/build/npmtest/node-npmtest-filesaver.js/example.js","s":{"1":2,"2":2,"3":2,"4":2,"5":2,"6":2,"7":2,"8":1,"9":2,"10":2,"11":2,"12":2,"13":1,"14":2,"15":2,"16":2,"17":2,"18":2,"19":0,"20":2,"21":1,"22":1,"23":1,"24":1,"25":1,"26":0,"27":0,"28":1,"29":1,"30":2,"31":0,"32":0,"33":0,"34":1,"35":2,"36":2,"37":2,"38":2,"39":2,"40":2,"41":0,"42":2,"43":2,"44":2,"45":1,"46":3,"47":1,"48":1,"49":1,"50":1,"51":1,"52":1,"53":1,"54":1,"55":1,"56":1,"57":0,"58":1,"59":6,"60":6,"61":1,"62":2,"63":0,"64":2,"65":1,"66":1,"67":0,"68":0,"69":0,"70":0,"71":0,"72":0,"73":0,"74":0,"75":0,"76":0,"77":0,"78":0,"79":0,"80":0,"81":0,"82":0,"83":0},"b":{"1":[2,1,1,1],"2":[1,1,1,1],"3":[1,1],"4":[2,2],"5":[1,1],"6":[1,1],"7":[2,0],"8":[2,1,1,1,1,1],"9":[0,2,0],"10":[1,1],"11":[2,1,1],"12":[1,0],"13":[0,2],"14":[2,0,0,0,0,0,0],"15":[0,2],"16":[2,0],"17":[1,1],"18":[0,1],"19":[1,2,0,2],"20":[1,0],"21":[1,1],"22":[0,0],"23":[0,0],"24":[0,0],"25":[0,0],"26":[0,0],"27":[0,0],"28":[0,0]},"f":{"1":2,"2":2,"3":2,"4":2,"5":2,"6":2,"7":2,"8":2,"9":3,"10":1,"11":6,"12":0},"fnMap":{"1":{"name":"(anonymous_1)","line":26,"loc":{"start":{"line":26,"column":1},"end":{"line":26,"column":13}}},"2":{"name":"(anonymous_2)","line":33,"loc":{"start":{"line":33,"column":5},"end":{"line":33,"column":17}}},"3":{"name":"(anonymous_3)","line":37,"loc":{"start":{"line":37,"column":24},"end":{"line":37,"column":36}}},"4":{"name":"(anonymous_4)","line":69,"loc":{"start":{"line":69,"column":31},"end":{"line":69,"column":48}},"skip":true},"5":{"name":"(anonymous_5)","line":78,"loc":{"start":{"line":78,"column":26},"end":{"line":78,"column":45}},"skip":true},"6":{"name":"(anonymous_6)","line":123,"loc":{"start":{"line":123,"column":33},"end":{"line":123,"column":48}},"skip":true},"7":{"name":"(anonymous_7)","line":125,"loc":{"start":{"line":125,"column":27},"end":{"line":125,"column":39}},"skip":true},"8":{"name":"(anonymous_8)","line":133,"loc":{"start":{"line":133,"column":59},"end":{"line":133,"column":74}},"skip":true},"9":{"name":"(anonymous_9)","line":143,"loc":{"start":{"line":143,"column":45},"end":{"line":143,"column":62}},"skip":true},"10":{"name":"(anonymous_10)","line":144,"loc":{"start":{"line":144,"column":73},"end":{"line":144,"column":92}},"skip":true},"11":{"name":"(anonymous_11)","line":272,"loc":{"start":{"line":272,"column":51},"end":{"line":272,"column":77}},"skip":true},"12":{"name":"(anonymous_12)","line":314,"loc":{"start":{"line":314,"column":32},"end":{"line":314,"column":61}},"skip":true}},"statementMap":{"1":{"start":{"line":26,"column":0},"end":{"line":325,"column":5}},"2":{"start":{"line":28,"column":4},"end":{"line":28,"column":14}},"3":{"start":{"line":33,"column":4},"end":{"line":60,"column":9}},"4":{"start":{"line":35,"column":8},"end":{"line":35,"column":19}},"5":{"start":{"line":37,"column":8},"end":{"line":49,"column":13}},"6":{"start":{"line":38,"column":12},"end":{"line":48,"column":13}},"7":{"start":{"line":39,"column":16},"end":{"line":42,"column":30}},"8":{"start":{"line":44,"column":16},"end":{"line":47,"column":27}},"9":{"start":{"line":51,"column":8},"end":{"line":53,"column":21}},"10":{"start":{"line":55,"column":8},"end":{"line":57,"column":45}},"11":{"start":{"line":59,"column":8},"end":{"line":59,"column":35}},"12":{"start":{"line":61,"column":4},"end":{"line":324,"column":5}},"13":{"start":{"line":69,"column":8},"end":{"line":121,"column":10},"skip":true},"14":{"start":{"line":70,"column":12},"end":{"line":88,"column":13},"skip":true},"15":{"start":{"line":76,"column":16},"end":{"line":87,"column":19},"skip":true},"16":{"start":{"line":79,"column":20},"end":{"line":86,"column":21},"skip":true},"17":{"start":{"line":82,"column":24},"end":{"line":82,"column":43},"skip":true},"18":{"start":{"line":83,"column":24},"end":{"line":83,"column":30},"skip":true},"19":{"start":{"line":85,"column":24},"end":{"line":85,"column":49},"skip":true},"20":{"start":{"line":89,"column":12},"end":{"line":107,"column":13},"skip":true},"21":{"start":{"line":92,"column":16},"end":{"line":102,"column":17},"skip":true},"22":{"start":{"line":93,"column":20},"end":{"line":93,"column":86},"skip":true},"23":{"start":{"line":94,"column":20},"end":{"line":95,"column":45},"skip":true},"24":{"start":{"line":96,"column":20},"end":{"line":96,"column":42},"skip":true},"25":{"start":{"line":97,"column":20},"end":{"line":97,"column":48},"skip":true},"26":{"start":{"line":100,"column":20},"end":{"line":100,"column":85},"skip":true},"27":{"start":{"line":101,"column":20},"end":{"line":101,"column":96},"skip":true},"28":{"start":{"line":103,"column":16},"end":{"line":103,"column":22},"skip":true},"29":{"start":{"line":106,"column":16},"end":{"line":106,"column":22},"skip":true},"30":{"start":{"line":108,"column":12},"end":{"line":120,"column":13},"skip":true},"31":{"start":{"line":114,"column":16},"end":{"line":119,"column":17},"skip":true},"32":{"start":{"line":116,"column":20},"end":{"line":116,"column":78},"skip":true},"33":{"start":{"line":118,"column":20},"end":{"line":118,"column":47},"skip":true},"34":{"start":{"line":123,"column":8},"end":{"line":141,"column":11},"skip":true},"35":{"start":{"line":124,"column":12},"end":{"line":124,"column":54},"skip":true},"36":{"start":{"line":125,"column":12},"end":{"line":140,"column":14},"skip":true},"37":{"start":{"line":126,"column":16},"end":{"line":126,"column":28},"skip":true},"38":{"start":{"line":127,"column":16},"end":{"line":127,"column":69},"skip":true},"39":{"start":{"line":128,"column":16},"end":{"line":128,"column":75},"skip":true},"40":{"start":{"line":129,"column":16},"end":{"line":131,"column":17},"skip":true},"41":{"start":{"line":130,"column":20},"end":{"line":130,"column":27},"skip":true},"42":{"start":{"line":133,"column":16},"end":{"line":137,"column":36},"skip":true},"43":{"start":{"line":134,"column":20},"end":{"line":136,"column":55},"skip":true},"44":{"start":{"line":139,"column":16},"end":{"line":139,"column":57},"skip":true},"45":{"start":{"line":143,"column":8},"end":{"line":147,"column":11},"skip":true},"46":{"start":{"line":144,"column":12},"end":{"line":146,"column":15},"skip":true},"47":{"start":{"line":145,"column":16},"end":{"line":145,"column":70},"skip":true},"48":{"start":{"line":149,"column":8},"end":{"line":149,"column":31},"skip":true},"49":{"start":{"line":150,"column":8},"end":{"line":150,"column":14},"skip":true},"50":{"start":{"line":158,"column":8},"end":{"line":158,"column":31},"skip":true},"51":{"start":{"line":160,"column":8},"end":{"line":160,"column":33},"skip":true},"52":{"start":{"line":161,"column":8},"end":{"line":161,"column":37},"skip":true},"53":{"start":{"line":162,"column":8},"end":{"line":162,"column":35},"skip":true},"54":{"start":{"line":164,"column":8},"end":{"line":164,"column":50},"skip":true},"55":{"start":{"line":166,"column":8},"end":{"line":256,"column":2},"skip":true},"56":{"start":{"line":258,"column":8},"end":{"line":286,"column":9},"skip":true},"57":{"start":{"line":259,"column":12},"end":{"line":269,"column":14},"skip":true},"58":{"start":{"line":271,"column":12},"end":{"line":285,"column":19},"skip":true},"59":{"start":{"line":274,"column":20},"end":{"line":274,"column":35},"skip":true},"60":{"start":{"line":275,"column":20},"end":{"line":284,"column":21},"skip":true},"61":{"start":{"line":277,"column":24},"end":{"line":277,"column":64},"skip":true},"62":{"start":{"line":279,"column":24},"end":{"line":279,"column":40},"skip":true},"63":{"start":{"line":281,"column":24},"end":{"line":281,"column":40},"skip":true},"64":{"start":{"line":283,"column":24},"end":{"line":283,"column":39},"skip":true},"65":{"start":{"line":288,"column":8},"end":{"line":290,"column":9},"skip":true},"66":{"start":{"line":289,"column":12},"end":{"line":289,"column":18},"skip":true},"67":{"start":{"line":291,"column":8},"end":{"line":293,"column":54},"skip":true},"68":{"start":{"line":294,"column":8},"end":{"line":301,"column":37},"skip":true},"69":{"start":{"line":302,"column":8},"end":{"line":302,"column":82},"skip":true},"70":{"start":{"line":305,"column":8},"end":{"line":307,"column":9},"skip":true},"71":{"start":{"line":306,"column":12},"end":{"line":306,"column":82},"skip":true},"72":{"start":{"line":309,"column":8},"end":{"line":311,"column":9},"skip":true},"73":{"start":{"line":310,"column":12},"end":{"line":310,"column":18},"skip":true},"74":{"start":{"line":312,"column":8},"end":{"line":312,"column":54},"skip":true},"75":{"start":{"line":313,"column":8},"end":{"line":313,"column":69},"skip":true},"76":{"start":{"line":314,"column":8},"end":{"line":322,"column":36},"skip":true},"77":{"start":{"line":315,"column":12},"end":{"line":315,"column":61},"skip":true},"78":{"start":{"line":316,"column":12},"end":{"line":319,"column":13},"skip":true},"79":{"start":{"line":317,"column":16},"end":{"line":317,"column":75},"skip":true},"80":{"start":{"line":318,"column":16},"end":{"line":318,"column":23},"skip":true},"81":{"start":{"line":320,"column":12},"end":{"line":320,"column":38},"skip":true},"82":{"start":{"line":321,"column":12},"end":{"line":321,"column":27},"skip":true},"83":{"start":{"line":323,"column":8},"end":{"line":323,"column":14},"skip":true}},"branchMap":{"1":{"line":39,"type":"binary-expr","locations":[{"start":{"line":39,"column":23},"end":{"line":39,"column":62}},{"start":{"line":40,"column":20},"end":{"line":40,"column":70}},{"start":{"line":41,"column":20},"end":{"line":41,"column":71}},{"start":{"line":42,"column":20},"end":{"line":42,"column":29}}]},"2":{"line":44,"type":"binary-expr","locations":[{"start":{"line":44,"column":23},"end":{"line":44,"column":37}},{"start":{"line":45,"column":20},"end":{"line":45,"column":61}},{"start":{"line":46,"column":20},"end":{"line":46,"column":70}},{"start":{"line":47,"column":20},"end":{"line":47,"column":26}}]},"3":{"line":51,"type":"cond-expr","locations":[{"start":{"line":52,"column":14},"end":{"line":52,"column":20}},{"start":{"line":53,"column":14},"end":{"line":53,"column":20}}]},"4":{"line":55,"type":"binary-expr","locations":[{"start":{"line":55,"column":16},"end":{"line":55,"column":44}},{"start":{"line":55,"column":49},"end":{"line":57,"column":43}}]},"5":{"line":55,"type":"cond-expr","locations":[{"start":{"line":56,"column":14},"end":{"line":56,"column":56}},{"start":{"line":57,"column":14},"end":{"line":57,"column":43}}]},"6":{"line":61,"type":"switch","locations":[{"start":{"line":68,"column":4},"end":{"line":150,"column":14},"skip":true},{"start":{"line":156,"column":4},"end":{"line":323,"column":14},"skip":true}]},"7":{"line":70,"type":"if","locations":[{"start":{"line":70,"column":12},"end":{"line":70,"column":12},"skip":true},{"start":{"line":70,"column":12},"end":{"line":70,"column":12},"skip":true}]},"8":{"line":70,"type":"binary-expr","locations":[{"start":{"line":70,"column":16},"end":{"line":70,"column":22},"skip":true},{"start":{"line":70,"column":27},"end":{"line":70,"column":32},"skip":true},{"start":{"line":71,"column":20},"end":{"line":71,"column":39},"skip":true},{"start":{"line":72,"column":20},"end":{"line":72,"column":49},"skip":true},{"start":{"line":73,"column":20},"end":{"line":73,"column":58},"skip":true},{"start":{"line":74,"column":20},"end":{"line":74,"column":69},"skip":true}]},"9":{"line":79,"type":"switch","locations":[{"start":{"line":80,"column":20},"end":{"line":80,"column":33},"skip":true},{"start":{"line":81,"column":20},"end":{"line":83,"column":30},"skip":true},{"start":{"line":84,"column":20},"end":{"line":85,"column":49},"skip":true}]},"10":{"line":89,"type":"switch","locations":[{"start":{"line":90,"column":12},"end":{"line":103,"column":22},"skip":true},{"start":{"line":105,"column":12},"end":{"line":106,"column":22},"skip":true}]},"11":{"line":89,"type":"binary-expr","locations":[{"start":{"line":89,"column":20},"end":{"line":89,"column":25},"skip":true},{"start":{"line":89,"column":29},"end":{"line":89,"column":48},"skip":true},{"start":{"line":89,"column":52},"end":{"line":89,"column":74},"skip":true}]},"12":{"line":92,"type":"if","locations":[{"start":{"line":92,"column":16},"end":{"line":92,"column":16},"skip":true},{"start":{"line":92,"column":16},"end":{"line":92,"column":16},"skip":true}]},"13":{"line":108,"type":"if","locations":[{"start":{"line":108,"column":12},"end":{"line":108,"column":12},"skip":true},{"start":{"line":108,"column":12},"end":{"line":108,"column":12},"skip":true}]},"14":{"line":108,"type":"binary-expr","locations":[{"start":{"line":108,"column":16},"end":{"line":108,"column":61},"skip":true},{"start":{"line":108,"column":66},"end":{"line":108,"column":72},"skip":true},{"start":{"line":108,"column":77},"end":{"line":108,"column":82},"skip":true},{"start":{"line":109,"column":20},"end":{"line":109,"column":39},"skip":true},{"start":{"line":110,"column":20},"end":{"line":110,"column":49},"skip":true},{"start":{"line":111,"column":20},"end":{"line":111,"column":58},"skip":true},{"start":{"line":112,"column":20},"end":{"line":112,"column":68},"skip":true}]},"15":{"line":129,"type":"if","locations":[{"start":{"line":129,"column":16},"end":{"line":129,"column":16},"skip":true},{"start":{"line":129,"column":16},"end":{"line":129,"column":16},"skip":true}]},"16":{"line":134,"type":"cond-expr","locations":[{"start":{"line":135,"column":26},"end":{"line":135,"column":29},"skip":true},{"start":{"line":136,"column":26},"end":{"line":136,"column":54},"skip":true}]},"17":{"line":164,"type":"binary-expr","locations":[{"start":{"line":164,"column":27},"end":{"line":164,"column":43},"skip":true},{"start":{"line":164,"column":47},"end":{"line":164,"column":49},"skip":true}]},"18":{"line":258,"type":"if","locations":[{"start":{"line":258,"column":8},"end":{"line":258,"column":8},"skip":true},{"start":{"line":258,"column":8},"end":{"line":258,"column":8},"skip":true}]},"19":{"line":275,"type":"switch","locations":[{"start":{"line":276,"column":20},"end":{"line":277,"column":64},"skip":true},{"start":{"line":278,"column":20},"end":{"line":279,"column":40},"skip":true},{"start":{"line":280,"column":20},"end":{"line":281,"column":40},"skip":true},{"start":{"line":282,"column":20},"end":{"line":283,"column":39},"skip":true}]},"20":{"line":288,"type":"if","locations":[{"start":{"line":288,"column":8},"end":{"line":288,"column":8},"skip":true},{"start":{"line":288,"column":8},"end":{"line":288,"column":8},"skip":true}]},"21":{"line":288,"type":"binary-expr","locations":[{"start":{"line":288,"column":12},"end":{"line":288,"column":40},"skip":true},{"start":{"line":288,"column":44},"end":{"line":288,"column":67},"skip":true}]},"22":{"line":292,"type":"binary-expr","locations":[{"start":{"line":292,"column":12},"end":{"line":292,"column":50},"skip":true},{"start":{"line":293,"column":12},"end":{"line":293,"column":53},"skip":true}]},"23":{"line":295,"type":"binary-expr","locations":[{"start":{"line":295,"column":12},"end":{"line":295,"column":70},"skip":true},{"start":{"line":296,"column":12},"end":{"line":301,"column":36},"skip":true}]},"24":{"line":302,"type":"binary-expr","locations":[{"start":{"line":302,"column":43},"end":{"line":302,"column":75},"skip":true},{"start":{"line":302,"column":79},"end":{"line":302,"column":81},"skip":true}]},"25":{"line":305,"type":"if","locations":[{"start":{"line":305,"column":8},"end":{"line":305,"column":8},"skip":true},{"start":{"line":305,"column":8},"end":{"line":305,"column":8},"skip":true}]},"26":{"line":309,"type":"if","locations":[{"start":{"line":309,"column":8},"end":{"line":309,"column":8},"skip":true},{"start":{"line":309,"column":8},"end":{"line":309,"column":8},"skip":true}]},"27":{"line":312,"type":"binary-expr","locations":[{"start":{"line":312,"column":27},"end":{"line":312,"column":43},"skip":true},{"start":{"line":312,"column":47},"end":{"line":312,"column":53},"skip":true}]},"28":{"line":316,"type":"if","locations":[{"start":{"line":316,"column":12},"end":{"line":316,"column":12},"skip":true},{"start":{"line":316,"column":12},"end":{"line":316,"column":12},"skip":true}]}},"code":["/*","example.js","","quickstart example","","instruction","    1. save this script as example.js","    2. run the shell command:","        $ npm install npmtest-filesaver.js && PORT=8081 node example.js","    3. play with the browser-demo on http://127.0.0.1:8081","*/","","","","/* istanbul instrument in package npmtest_filesaver_js */","/*jslint","    bitwise: true,","    browser: true,","    maxerr: 8,","    maxlen: 96,","    node: true,","    nomen: true,","    regexp: true,","    stupid: true","*/","(function () {","    'use strict';","    var local;","","","","    // run shared js-env code - pre-init","    (function () {","        // init local","        local = {};","        // init modeJs","        local.modeJs = (function () {","            try {","                return typeof navigator.userAgent === 'string' &&","                    typeof document.querySelector('body') === 'object' &&","                    typeof XMLHttpRequest.prototype.open === 'function' &&","                    'browser';","            } catch (errorCaughtBrowser) {","                return module.exports &&","                    typeof process.versions.node === 'string' &&","                    typeof require('http').createServer === 'function' &&","                    'node';","            }","        }());","        // init global","        local.global = local.modeJs === 'browser'","            ? window","            : global;","        // init utility2_rollup","        local = local.global.utility2_rollup || (local.modeJs === 'browser'","            ? local.global.utility2_npmtest_filesaver_js","            : global.utility2_moduleExports);","        // export local","        local.global.local = local;","    }());","    switch (local.modeJs) {","","","","    // post-init","    // run browser js-env code - post-init","    /* istanbul ignore next */","    case 'browser':","        local.testRunBrowser = function (event) {","            if (!event || (event &&","                    event.currentTarget &&","                    event.currentTarget.className &&","                    event.currentTarget.className.includes &&","                    event.currentTarget.className.includes('onreset'))) {","                // reset output","                Array.from(","                    document.querySelectorAll('body > .resettable')","                ).forEach(function (element) {","                    switch (element.tagName) {","                    case 'INPUT':","                    case 'TEXTAREA':","                        element.value = '';","                        break;","                    default:","                        element.textContent = '';","                    }","                });","            }","            switch (event && event.currentTarget && event.currentTarget.id) {","            case 'testRunButton1':","                // show tests","                if (document.querySelector('#testReportDiv1').style.display === 'none') {","                    document.querySelector('#testReportDiv1').style.display = 'block';","                    document.querySelector('#testRunButton1').textContent =","                        'hide internal test';","                    local.modeTest = true;","                    local.testRunDefault(local);","                // hide tests","                } else {","                    document.querySelector('#testReportDiv1').style.display = 'none';","                    document.querySelector('#testRunButton1').textContent = 'run internal test';","                }","                break;","            // custom-case","            default:","                break;","            }","            if (document.querySelector('#inputTextareaEval1') && (!event || (event &&","                    event.currentTarget &&","                    event.currentTarget.className &&","                    event.currentTarget.className.includes &&","                    event.currentTarget.className.includes('oneval')))) {","                // try to eval input-code","                try {","                    /*jslint evil: true*/","                    eval(document.querySelector('#inputTextareaEval1').value);","                } catch (errorCaught) {","                    console.error(errorCaught);","                }","            }","        };","        // log stderr and stdout to #outputTextareaStdout1","        ['error', 'log'].forEach(function (key) {","            console[key + '_original'] = console[key];","            console[key] = function () {","                var element;","                console[key + '_original'].apply(console, arguments);","                element = document.querySelector('#outputTextareaStdout1');","                if (!element) {","                    return;","                }","                // append text to #outputTextareaStdout1","                element.value += Array.from(arguments).map(function (arg) {","                    return typeof arg === 'string'","                        ? arg","                        : JSON.stringify(arg, null, 4);","                }).join(' ') + '\\n';","                // scroll textarea to bottom","                element.scrollTop = element.scrollHeight;","            };","        });","        // init event-handling","        ['change', 'click', 'keyup'].forEach(function (event) {","            Array.from(document.querySelectorAll('.on' + event)).forEach(function (element) {","                element.addEventListener(event, local.testRunBrowser);","            });","        });","        // run tests","        local.testRunBrowser();","        break;","","","","    // run node js-env code - post-init","    /* istanbul ignore next */","    case 'node':","        // export local","        module.exports = local;","        // require modules","        local.fs = require('fs');","        local.http = require('http');","        local.url = require('url');","        // init assets","        local.assetsDict = local.assetsDict || {};","        /* jslint-ignore-begin */","        local.assetsDict['/assets.index.template.html'] = '\\","<!doctype html>\\n\\","<html lang=\"en\">\\n\\","<head>\\n\\","<meta charset=\"UTF-8\">\\n\\","<meta name=\"viewport\" content=\"width=device-width, initial-scale=1\">\\n\\","<title>{{env.npm_package_name}} (v{{env.npm_package_version}})</title>\\n\\","<style>\\n\\","/*csslint\\n\\","    box-sizing: false,\\n\\","    universal-selector: false\\n\\","*/\\n\\","* {\\n\\","    box-sizing: border-box;\\n\\","}\\n\\","body {\\n\\","    background: #dde;\\n\\","    font-family: Arial, Helvetica, sans-serif;\\n\\","    margin: 2rem;\\n\\","}\\n\\","body > * {\\n\\","    margin-bottom: 1rem;\\n\\","}\\n\\",".utility2FooterDiv {\\n\\","    margin-top: 20px;\\n\\","    text-align: center;\\n\\","}\\n\\","</style>\\n\\","<style>\\n\\","/*csslint\\n\\","*/\\n\\","textarea {\\n\\","    font-family: monospace;\\n\\","    height: 10rem;\\n\\","    width: 100%;\\n\\","}\\n\\","textarea[readonly] {\\n\\","    background: #ddd;\\n\\","}\\n\\","</style>\\n\\","</head>\\n\\","<body>\\n\\","<!-- utility2-comment\\n\\","<div id=\"ajaxProgressDiv1\" style=\"background: #d00; height: 2px; left: 0; margin: 0; padding: 0; position: fixed; top: 0; transition: background 0.5s, width 1.5s; width: 25%;\"></div>\\n\\","utility2-comment -->\\n\\","<h1>\\n\\","<!-- utility2-comment\\n\\","    <a\\n\\","        {{#if env.npm_package_homepage}}\\n\\","        href=\"{{env.npm_package_homepage}}\"\\n\\","        {{/if env.npm_package_homepage}}\\n\\","        target=\"_blank\"\\n\\","    >\\n\\","utility2-comment -->\\n\\","        {{env.npm_package_name}} (v{{env.npm_package_version}})\\n\\","<!-- utility2-comment\\n\\","    </a>\\n\\","utility2-comment -->\\n\\","</h1>\\n\\","<h3>{{env.npm_package_description}}</h3>\\n\\","<!-- utility2-comment\\n\\","<h4><a download href=\"assets.app.js\">download standalone app</a></h4>\\n\\","<button class=\"onclick onreset\" id=\"testRunButton1\">run internal test</button><br>\\n\\","<div id=\"testReportDiv1\" style=\"display: none;\"></div>\\n\\","utility2-comment -->\\n\\","\\n\\","\\n\\","\\n\\","<label>stderr and stdout</label>\\n\\","<textarea class=\"resettable\" id=\"outputTextareaStdout1\" readonly></textarea>\\n\\","<!-- utility2-comment\\n\\","{{#if isRollup}}\\n\\","<script src=\"assets.app.js\"></script>\\n\\","{{#unless isRollup}}\\n\\","utility2-comment -->\\n\\","<script src=\"assets.utility2.rollup.js\"></script>\\n\\","<script src=\"jsonp.utility2._stateInit?callback=window.utility2._stateInit\"></script>\\n\\","<script src=\"assets.npmtest_filesaver_js.rollup.js\"></script>\\n\\","<script src=\"assets.example.js\"></script>\\n\\","<script src=\"assets.test.js\"></script>\\n\\","<!-- utility2-comment\\n\\","{{/if isRollup}}\\n\\","utility2-comment -->\\n\\","<div class=\"utility2FooterDiv\">\\n\\","    [ this app was created with\\n\\","    <a href=\"https://github.com/kaizhu256/node-utility2\" target=\"_blank\">utility2</a>\\n\\","    ]\\n\\","</div>\\n\\","</body>\\n\\","</html>\\n\\","';","        /* jslint-ignore-end */","        if (local.templateRender) {","            local.assetsDict['/'] = local.templateRender(","                local.assetsDict['/assets.index.template.html'],","                {","                    env: local.objectSetDefault(local.env, {","                        npm_package_description: 'the greatest app in the world!',","                        npm_package_name: 'my-app',","                        npm_package_nameAlias: 'my_app',","                        npm_package_version: '0.0.1'","                    })","                }","            );","        } else {","            local.assetsDict['/'] = local.assetsDict['/assets.index.template.html']","                .replace((/\\{\\{env\\.(\\w+?)\\}\\}/g), function (match0, match1) {","                    // jslint-hack","                    String(match0);","                    switch (match1) {","                    case 'npm_package_description':","                        return 'the greatest app in the world!';","                    case 'npm_package_name':","                        return 'my-app';","                    case 'npm_package_nameAlias':","                        return 'my_app';","                    case 'npm_package_version':","                        return '0.0.1';","                    }","                });","        }","        // run the cli","        if (local.global.utility2_rollup || module !== require.main) {","            break;","        }","        local.assetsDict['/assets.example.js'] =","            local.assetsDict['/assets.example.js'] ||","            local.fs.readFileSync(__filename, 'utf8');","        local.assetsDict['/assets.npmtest_filesaver_js.rollup.js'] =","            local.assetsDict['/assets.npmtest_filesaver_js.rollup.js'] ||","            local.fs.readFileSync(","                // buildCustomOrg-hack","                local.npmtest_filesaver_js.__dirname +","                    '/lib.npmtest_filesaver_js.js',","                'utf8'","            ).replace((/^#!/), '//');","        local.assetsDict['/favicon.ico'] = local.assetsDict['/favicon.ico'] || '';","        // if $npm_config_timeout_exit exists,","        // then exit this process after $npm_config_timeout_exit ms","        if (Number(process.env.npm_config_timeout_exit)) {","            setTimeout(process.exit, Number(process.env.npm_config_timeout_exit));","        }","        // start server","        if (local.global.utility2_serverHttp1) {","            break;","        }","        process.env.PORT = process.env.PORT || '8081';","        console.error('server starting on port ' + process.env.PORT);","        local.http.createServer(function (request, response) {","            request.urlParsed = local.url.parse(request.url);","            if (local.assetsDict[request.urlParsed.pathname] !== undefined) {","                response.end(local.assetsDict[request.urlParsed.pathname]);","                return;","            }","            response.statusCode = 404;","            response.end();","        }).listen(process.env.PORT);","        break;","    }","}());",""],"l":{"26":2,"28":2,"33":2,"35":2,"37":2,"38":2,"39":2,"44":1,"51":2,"55":2,"59":2,"61":2,"69":1,"70":2,"76":2,"79":2,"82":2,"83":2,"85":1,"89":2,"92":1,"93":1,"94":1,"96":1,"97":1,"100":1,"101":1,"103":1,"106":1,"108":2,"114":1,"116":1,"118":1,"123":1,"124":2,"125":2,"126":2,"127":2,"128":2,"129":2,"130":1,"133":2,"134":2,"139":2,"143":1,"144":3,"145":1,"149":1,"150":1,"158":1,"160":1,"161":1,"162":1,"164":1,"166":1,"258":1,"259":1,"271":1,"274":6,"275":6,"277":1,"279":2,"281":1,"283":2,"288":1,"289":1,"291":1,"294":1,"302":1,"305":1,"306":1,"309":1,"310":1,"312":1,"313":1,"314":1,"315":1,"316":1,"317":1,"318":1,"320":1,"321":1,"323":1}},"/home/travis/build/npmtest/node-npmtest-filesaver.js/node_modules/filesaver.js/FileSaver.js":{"path":"/home/travis/build/npmtest/node-npmtest-filesaver.js/node_modules/filesaver.js/FileSaver.js","s":{"1":3,"2":3,"3":0,"4":3,"5":0,"6":0,"7":0,"8":0,"9":0,"10":0,"11":0,"12":0,"13":0,"14":0,"15":0,"16":0,"17":0,"18":0,"19":0,"20":0,"21":0,"22":0,"23":0,"24":0,"25":0,"26":0,"27":0,"28":0,"29":0,"30":0,"31":0,"32":0,"33":0,"34":0,"35":0,"36":0,"37":0,"38":0,"39":0,"40":0,"41":0,"42":0,"43":0,"44":0,"45":0,"46":0,"47":0,"48":0,"49":0,"50":0,"51":0,"52":0,"53":0,"54":0,"55":0,"56":0,"57":0,"58":0,"59":0,"60":0,"61":0,"62":0,"63":0,"64":0,"65":0,"66":0,"67":0,"68":0,"69":0,"70":0,"71":0,"72":0,"73":0,"74":0,"75":0,"76":0,"77":0,"78":0,"79":0,"80":0,"81":0,"82":0,"83":0,"84":0,"85":0,"86":0,"87":0,"88":0,"89":0,"90":0,"91":0,"92":0,"93":0,"94":0,"95":0,"96":0,"97":0,"98":0,"99":0,"100":0,"101":0,"102":0,"103":0,"104":0,"105":0,"106":0,"107":0,"108":0,"109":0,"110":0,"111":0,"112":0,"113":0,"114":0,"115":0,"116":0},"b":{"1":[3,3],"2":[0,3],"3":[3,0],"4":[0,0,0],"5":[0,0,0],"6":[0,0],"7":[0,0],"8":[0,0],"9":[0,0],"10":[0,0],"11":[0,0],"12":[0,0],"13":[0,0],"14":[0,0],"15":[0,0],"16":[0,0],"17":[0,0],"18":[0,0],"19":[0,0],"20":[0,0],"21":[0,0],"22":[0,0,0],"23":[0,0],"24":[0,0],"25":[0,0],"26":[0,0],"27":[0,0],"28":[0,0],"29":[0,0],"30":[0,0],"31":[0,0],"32":[0,0],"33":[0,0],"34":[0,0],"35":[3,0,3,0,3],"36":[0,0],"37":[0,0],"38":[0,0],"39":[0,0,0]},"f":{"1":3,"2":0,"3":0,"4":0,"5":0,"6":0,"7":0,"8":0,"9":0,"10":0,"11":0,"12":0,"13":0,"14":0,"15":0,"16":0,"17":0,"18":0,"19":0,"20":0,"21":0,"22":0,"23":0,"24":0,"25":0,"26":0,"27":0,"28":0,"29":0,"30":0},"fnMap":{"1":{"name":"(anonymous_1)","line":15,"loc":{"start":{"line":15,"column":24},"end":{"line":15,"column":39}}},"2":{"name":"(anonymous_2)","line":24,"loc":{"start":{"line":24,"column":14},"end":{"line":24,"column":25}}},"3":{"name":"(anonymous_3)","line":29,"loc":{"start":{"line":29,"column":12},"end":{"line":29,"column":27}}},"4":{"name":"(anonymous_4)","line":35,"loc":{"start":{"line":35,"column":20},"end":{"line":35,"column":33}}},"5":{"name":"(anonymous_5)","line":36,"loc":{"start":{"line":36,"column":42},"end":{"line":36,"column":53}}},"6":{"name":"(anonymous_6)","line":46,"loc":{"start":{"line":46,"column":13},"end":{"line":46,"column":28}}},"7":{"name":"(anonymous_7)","line":47,"loc":{"start":{"line":47,"column":17},"end":{"line":47,"column":28}}},"8":{"name":"(anonymous_8)","line":60,"loc":{"start":{"line":60,"column":15},"end":{"line":60,"column":55}}},"9":{"name":"(anonymous_9)","line":74,"loc":{"start":{"line":74,"column":15},"end":{"line":74,"column":30}}},"10":{"name":"(anonymous_10)","line":81,"loc":{"start":{"line":81,"column":16},"end":{"line":81,"column":50}}},"11":{"name":"(anonymous_11)","line":92,"loc":{"start":{"line":92,"column":21},"end":{"line":92,"column":32}}},"12":{"name":"(anonymous_12)","line":96,"loc":{"start":{"line":96,"column":17},"end":{"line":96,"column":28}}},"13":{"name":"(anonymous_13)","line":114,"loc":{"start":{"line":114,"column":18},"end":{"line":114,"column":33}}},"14":{"name":"(anonymous_14)","line":115,"loc":{"start":{"line":115,"column":12},"end":{"line":115,"column":23}}},"15":{"name":"(anonymous_15)","line":132,"loc":{"start":{"line":132,"column":15},"end":{"line":132,"column":26}}},"16":{"name":"(anonymous_16)","line":164,"loc":{"start":{"line":164,"column":49},"end":{"line":164,"column":62}}},"17":{"name":"(anonymous_17)","line":165,"loc":{"start":{"line":165,"column":65},"end":{"line":165,"column":79}}},"18":{"name":"(anonymous_18)","line":166,"loc":{"start":{"line":166,"column":16},"end":{"line":166,"column":27}}},"19":{"name":"(anonymous_19)","line":167,"loc":{"start":{"line":167,"column":55},"end":{"line":167,"column":70}}},"20":{"name":"(anonymous_20)","line":168,"loc":{"start":{"line":168,"column":35},"end":{"line":168,"column":52}}},"21":{"name":"(anonymous_21)","line":169,"loc":{"start":{"line":169,"column":28},"end":{"line":169,"column":44}}},"22":{"name":"(anonymous_22)","line":175,"loc":{"start":{"line":175,"column":25},"end":{"line":175,"column":36}}},"23":{"name":"(anonymous_23)","line":181,"loc":{"start":{"line":181,"column":61},"end":{"line":181,"column":77}}},"24":{"name":"(anonymous_24)","line":185,"loc":{"start":{"line":185,"column":26},"end":{"line":185,"column":37}}},"25":{"name":"(anonymous_25)","line":193,"loc":{"start":{"line":193,"column":50},"end":{"line":193,"column":65}}},"26":{"name":"(anonymous_26)","line":197,"loc":{"start":{"line":197,"column":19},"end":{"line":197,"column":32}}},"27":{"name":"(anonymous_27)","line":208,"loc":{"start":{"line":208,"column":13},"end":{"line":208,"column":47}}},"28":{"name":"(anonymous_28)","line":214,"loc":{"start":{"line":214,"column":9},"end":{"line":214,"column":43}}},"29":{"name":"(anonymous_29)","line":222,"loc":{"start":{"line":222,"column":18},"end":{"line":222,"column":29}}},"30":{"name":"(anonymous_30)","line":253,"loc":{"start":{"line":253,"column":13},"end":{"line":253,"column":24}}}},"statementMap":{"1":{"start":{"line":15,"column":0},"end":{"line":245,"column":3}},"2":{"start":{"line":18,"column":1},"end":{"line":20,"column":2}},"3":{"start":{"line":19,"column":2},"end":{"line":19,"column":9}},"4":{"start":{"line":21,"column":1},"end":{"line":211,"column":2}},"5":{"start":{"line":25,"column":3},"end":{"line":25,"column":45}},"6":{"start":{"line":30,"column":3},"end":{"line":30,"column":39}},"7":{"start":{"line":31,"column":3},"end":{"line":31,"column":29}},"8":{"start":{"line":36,"column":3},"end":{"line":38,"column":9}},"9":{"start":{"line":37,"column":4},"end":{"line":37,"column":13}},"10":{"start":{"line":47,"column":3},"end":{"line":53,"column":5}},"11":{"start":{"line":48,"column":4},"end":{"line":52,"column":5}},"12":{"start":{"line":49,"column":5},"end":{"line":49,"column":37}},"13":{"start":{"line":51,"column":5},"end":{"line":51,"column":19}},"14":{"start":{"line":54,"column":3},"end":{"line":58,"column":4}},"15":{"start":{"line":55,"column":4},"end":{"line":55,"column":14}},"16":{"start":{"line":57,"column":4},"end":{"line":57,"column":50}},"17":{"start":{"line":61,"column":3},"end":{"line":61,"column":40}},"18":{"start":{"line":62,"column":3},"end":{"line":62,"column":30}},"19":{"start":{"line":63,"column":3},"end":{"line":72,"column":4}},"20":{"start":{"line":64,"column":4},"end":{"line":64,"column":52}},"21":{"start":{"line":65,"column":4},"end":{"line":71,"column":5}},"22":{"start":{"line":66,"column":5},"end":{"line":70,"column":6}},"23":{"start":{"line":67,"column":6},"end":{"line":67,"column":51}},"24":{"start":{"line":69,"column":6},"end":{"line":69,"column":24}},"25":{"start":{"line":76,"column":3},"end":{"line":78,"column":4}},"26":{"start":{"line":77,"column":4},"end":{"line":77,"column":57}},"27":{"start":{"line":79,"column":3},"end":{"line":79,"column":15}},"28":{"start":{"line":82,"column":3},"end":{"line":84,"column":4}},"29":{"start":{"line":83,"column":4},"end":{"line":83,"column":26}},"30":{"start":{"line":86,"column":3},"end":{"line":123,"column":4}},"31":{"start":{"line":93,"column":5},"end":{"line":93,"column":74}},"32":{"start":{"line":98,"column":5},"end":{"line":100,"column":6}},"33":{"start":{"line":99,"column":6},"end":{"line":99,"column":51}},"34":{"start":{"line":101,"column":5},"end":{"line":109,"column":6}},"35":{"start":{"line":102,"column":6},"end":{"line":102,"column":45}},"36":{"start":{"line":104,"column":6},"end":{"line":104,"column":52}},"37":{"start":{"line":105,"column":6},"end":{"line":108,"column":7}},"38":{"start":{"line":107,"column":7},"end":{"line":107,"column":38}},"39":{"start":{"line":110,"column":5},"end":{"line":110,"column":43}},"40":{"start":{"line":111,"column":5},"end":{"line":111,"column":20}},"41":{"start":{"line":112,"column":5},"end":{"line":112,"column":24}},"42":{"start":{"line":115,"column":5},"end":{"line":119,"column":7}},"43":{"start":{"line":116,"column":6},"end":{"line":118,"column":7}},"44":{"start":{"line":117,"column":7},"end":{"line":117,"column":42}},"45":{"start":{"line":124,"column":3},"end":{"line":124,"column":41}},"46":{"start":{"line":125,"column":3},"end":{"line":127,"column":4}},"47":{"start":{"line":126,"column":4},"end":{"line":126,"column":22}},"48":{"start":{"line":128,"column":3},"end":{"line":139,"column":4}},"49":{"start":{"line":129,"column":4},"end":{"line":129,"column":49}},"50":{"start":{"line":130,"column":4},"end":{"line":130,"column":32}},"51":{"start":{"line":131,"column":4},"end":{"line":131,"column":30}},"52":{"start":{"line":132,"column":4},"end":{"line":137,"column":7}},"53":{"start":{"line":133,"column":5},"end":{"line":133,"column":22}},"54":{"start":{"line":134,"column":5},"end":{"line":134,"column":20}},"55":{"start":{"line":135,"column":5},"end":{"line":135,"column":24}},"56":{"start":{"line":136,"column":5},"end":{"line":136,"column":43}},"57":{"start":{"line":138,"column":4},"end":{"line":138,"column":11}},"58":{"start":{"line":145,"column":3},"end":{"line":149,"column":4}},"59":{"start":{"line":146,"column":4},"end":{"line":146,"column":43}},"60":{"start":{"line":147,"column":4},"end":{"line":147,"column":63}},"61":{"start":{"line":148,"column":4},"end":{"line":148,"column":24}},"62":{"start":{"line":153,"column":3},"end":{"line":155,"column":4}},"63":{"start":{"line":154,"column":4},"end":{"line":154,"column":24}},"64":{"start":{"line":156,"column":3},"end":{"line":158,"column":4}},"65":{"start":{"line":157,"column":4},"end":{"line":157,"column":23}},"66":{"start":{"line":159,"column":3},"end":{"line":162,"column":4}},"67":{"start":{"line":160,"column":4},"end":{"line":160,"column":15}},"68":{"start":{"line":161,"column":4},"end":{"line":161,"column":11}},"69":{"start":{"line":163,"column":3},"end":{"line":163,"column":28}},"70":{"start":{"line":164,"column":3},"end":{"line":205,"column":17}},"71":{"start":{"line":165,"column":4},"end":{"line":204,"column":18}},"72":{"start":{"line":166,"column":5},"end":{"line":192,"column":7}},"73":{"start":{"line":167,"column":6},"end":{"line":191,"column":20}},"74":{"start":{"line":168,"column":7},"end":{"line":190,"column":21}},"75":{"start":{"line":169,"column":8},"end":{"line":174,"column":10}},"76":{"start":{"line":170,"column":9},"end":{"line":170,"column":50}},"77":{"start":{"line":171,"column":9},"end":{"line":171,"column":47}},"78":{"start":{"line":172,"column":9},"end":{"line":172,"column":48}},"79":{"start":{"line":173,"column":9},"end":{"line":173,"column":22}},"80":{"start":{"line":175,"column":8},"end":{"line":180,"column":10}},"81":{"start":{"line":176,"column":9},"end":{"line":176,"column":34}},"82":{"start":{"line":177,"column":9},"end":{"line":179,"column":10}},"83":{"start":{"line":178,"column":10},"end":{"line":178,"column":21}},"84":{"start":{"line":181,"column":8},"end":{"line":183,"column":11}},"85":{"start":{"line":182,"column":9},"end":{"line":182,"column":56}},"86":{"start":{"line":184,"column":8},"end":{"line":184,"column":27}},"87":{"start":{"line":185,"column":8},"end":{"line":188,"column":10}},"88":{"start":{"line":186,"column":9},"end":{"line":186,"column":24}},"89":{"start":{"line":187,"column":9},"end":{"line":187,"column":47}},"90":{"start":{"line":189,"column":8},"end":{"line":189,"column":49}},"91":{"start":{"line":193,"column":5},"end":{"line":203,"column":9}},"92":{"start":{"line":195,"column":6},"end":{"line":195,"column":20}},"93":{"start":{"line":196,"column":6},"end":{"line":196,"column":13}},"94":{"start":{"line":198,"column":6},"end":{"line":202,"column":7}},"95":{"start":{"line":199,"column":7},"end":{"line":199,"column":14}},"96":{"start":{"line":201,"column":7},"end":{"line":201,"column":18}},"97":{"start":{"line":209,"column":3},"end":{"line":209,"column":49}},"98":{"start":{"line":213,"column":1},"end":{"line":220,"column":2}},"99":{"start":{"line":214,"column":2},"end":{"line":219,"column":4}},"100":{"start":{"line":215,"column":3},"end":{"line":217,"column":4}},"101":{"start":{"line":216,"column":4},"end":{"line":216,"column":26}},"102":{"start":{"line":218,"column":3},"end":{"line":218,"column":63}},"103":{"start":{"line":222,"column":1},"end":{"line":226,"column":3}},"104":{"start":{"line":223,"column":2},"end":{"line":223,"column":23}},"105":{"start":{"line":224,"column":2},"end":{"line":224,"column":40}},"106":{"start":{"line":225,"column":2},"end":{"line":225,"column":31}},"107":{"start":{"line":227,"column":1},"end":{"line":227,"column":41}},"108":{"start":{"line":228,"column":1},"end":{"line":228,"column":22}},"109":{"start":{"line":229,"column":1},"end":{"line":229,"column":19}},"110":{"start":{"line":231,"column":1},"end":{"line":238,"column":7}},"111":{"start":{"line":240,"column":1},"end":{"line":240,"column":15}},"112":{"start":{"line":250,"column":0},"end":{"line":256,"column":1}},"113":{"start":{"line":251,"column":2},"end":{"line":251,"column":33}},"114":{"start":{"line":252,"column":7},"end":{"line":256,"column":1}},"115":{"start":{"line":253,"column":2},"end":{"line":255,"column":5}},"116":{"start":{"line":254,"column":4},"end":{"line":254,"column":18}}},"branchMap":{"1":{"line":15,"type":"binary-expr","locations":[{"start":{"line":15,"column":13},"end":{"line":15,"column":19}},{"start":{"line":15,"column":24},"end":{"line":245,"column":1}}]},"2":{"line":18,"type":"if","locations":[{"start":{"line":18,"column":1},"end":{"line":18,"column":1}},{"start":{"line":18,"column":1},"end":{"line":18,"column":1}}]},"3":{"line":18,"type":"binary-expr","locations":[{"start":{"line":18,"column":5},"end":{"line":18,"column":37}},{"start":{"line":18,"column":41},"end":{"line":18,"column":81}}]},"4":{"line":25,"type":"binary-expr","locations":[{"start":{"line":25,"column":10},"end":{"line":25,"column":18}},{"start":{"line":25,"column":22},"end":{"line":25,"column":36}},{"start":{"line":25,"column":40},"end":{"line":25,"column":44}}]},"5":{"line":34,"type":"binary-expr","locations":[{"start":{"line":34,"column":13},"end":{"line":34,"column":35}},{"start":{"line":34,"column":39},"end":{"line":34,"column":52}},{"start":{"line":34,"column":56},"end":{"line":34,"column":81}}]},"6":{"line":36,"type":"binary-expr","locations":[{"start":{"line":36,"column":4},"end":{"line":36,"column":21}},{"start":{"line":36,"column":25},"end":{"line":36,"column":40}}]},"7":{"line":48,"type":"if","locations":[{"start":{"line":48,"column":4},"end":{"line":48,"column":4}},{"start":{"line":48,"column":4},"end":{"line":48,"column":4}}]},"8":{"line":54,"type":"if","locations":[{"start":{"line":54,"column":3},"end":{"line":54,"column":3}},{"start":{"line":54,"column":3},"end":{"line":54,"column":3}}]},"9":{"line":65,"type":"if","locations":[{"start":{"line":65,"column":4},"end":{"line":65,"column":4}},{"start":{"line":65,"column":4},"end":{"line":65,"column":4}}]},"10":{"line":67,"type":"binary-expr","locations":[{"start":{"line":67,"column":31},"end":{"line":67,"column":36}},{"start":{"line":67,"column":40},"end":{"line":67,"column":49}}]},"11":{"line":76,"type":"if","locations":[{"start":{"line":76,"column":3},"end":{"line":76,"column":3}},{"start":{"line":76,"column":3},"end":{"line":76,"column":3}}]},"12":{"line":82,"type":"if","locations":[{"start":{"line":82,"column":3},"end":{"line":82,"column":3}},{"start":{"line":82,"column":3},"end":{"line":82,"column":3}}]},"13":{"line":98,"type":"if","locations":[{"start":{"line":98,"column":5},"end":{"line":98,"column":5}},{"start":{"line":98,"column":5},"end":{"line":98,"column":5}}]},"14":{"line":98,"type":"binary-expr","locations":[{"start":{"line":98,"column":9},"end":{"line":98,"column":21}},{"start":{"line":98,"column":25},"end":{"line":98,"column":36}}]},"15":{"line":101,"type":"if","locations":[{"start":{"line":101,"column":5},"end":{"line":101,"column":5}},{"start":{"line":101,"column":5},"end":{"line":101,"column":5}}]},"16":{"line":105,"type":"if","locations":[{"start":{"line":105,"column":6},"end":{"line":105,"column":6}},{"start":{"line":105,"column":6},"end":{"line":105,"column":6}}]},"17":{"line":105,"type":"binary-expr","locations":[{"start":{"line":105,"column":10},"end":{"line":105,"column":30}},{"start":{"line":105,"column":34},"end":{"line":105,"column":63}}]},"18":{"line":116,"type":"if","locations":[{"start":{"line":116,"column":6},"end":{"line":116,"column":6}},{"start":{"line":116,"column":6},"end":{"line":116,"column":6}}]},"19":{"line":125,"type":"if","locations":[{"start":{"line":125,"column":3},"end":{"line":125,"column":3}},{"start":{"line":125,"column":3},"end":{"line":125,"column":3}}]},"20":{"line":128,"type":"if","locations":[{"start":{"line":128,"column":3},"end":{"line":128,"column":3}},{"start":{"line":128,"column":3},"end":{"line":128,"column":3}}]},"21":{"line":145,"type":"if","locations":[{"start":{"line":145,"column":3},"end":{"line":145,"column":3}},{"start":{"line":145,"column":3},"end":{"line":145,"column":3}}]},"22":{"line":145,"type":"binary-expr","locations":[{"start":{"line":145,"column":7},"end":{"line":145,"column":18}},{"start":{"line":145,"column":22},"end":{"line":145,"column":26}},{"start":{"line":145,"column":30},"end":{"line":145,"column":58}}]},"23":{"line":146,"type":"binary-expr","locations":[{"start":{"line":146,"column":12},"end":{"line":146,"column":22}},{"start":{"line":146,"column":26},"end":{"line":146,"column":42}}]},"24":{"line":153,"type":"if","locations":[{"start":{"line":153,"column":3},"end":{"line":153,"column":3}},{"start":{"line":153,"column":3},"end":{"line":153,"column":3}}]},"25":{"line":153,"type":"binary-expr","locations":[{"start":{"line":153,"column":7},"end":{"line":153,"column":20}},{"start":{"line":153,"column":24},"end":{"line":153,"column":43}}]},"26":{"line":156,"type":"if","locations":[{"start":{"line":156,"column":3},"end":{"line":156,"column":3}},{"start":{"line":156,"column":3},"end":{"line":156,"column":3}}]},"27":{"line":156,"type":"binary-expr","locations":[{"start":{"line":156,"column":7},"end":{"line":156,"column":35}},{"start":{"line":156,"column":39},"end":{"line":156,"column":52}}]},"28":{"line":159,"type":"if","locations":[{"start":{"line":159,"column":3},"end":{"line":159,"column":3}},{"start":{"line":159,"column":3},"end":{"line":159,"column":3}}]},"29":{"line":177,"type":"if","locations":[{"start":{"line":177,"column":9},"end":{"line":177,"column":9}},{"start":{"line":177,"column":9},"end":{"line":177,"column":9}}]},"30":{"line":198,"type":"if","locations":[{"start":{"line":198,"column":6},"end":{"line":198,"column":6}},{"start":{"line":198,"column":6},"end":{"line":198,"column":6}}]},"31":{"line":213,"type":"if","locations":[{"start":{"line":213,"column":1},"end":{"line":213,"column":1}},{"start":{"line":213,"column":1},"end":{"line":213,"column":1}}]},"32":{"line":213,"type":"binary-expr","locations":[{"start":{"line":213,"column":5},"end":{"line":213,"column":37}},{"start":{"line":213,"column":41},"end":{"line":213,"column":67}}]},"33":{"line":215,"type":"if","locations":[{"start":{"line":215,"column":3},"end":{"line":215,"column":3}},{"start":{"line":215,"column":3},"end":{"line":215,"column":3}}]},"34":{"line":218,"type":"binary-expr","locations":[{"start":{"line":218,"column":43},"end":{"line":218,"column":47}},{"start":{"line":218,"column":51},"end":{"line":218,"column":61}}]},"35":{"line":242,"type":"binary-expr","locations":[{"start":{"line":242,"column":4},"end":{"line":242,"column":31}},{"start":{"line":242,"column":35},"end":{"line":242,"column":39}},{"start":{"line":243,"column":4},"end":{"line":243,"column":33}},{"start":{"line":243,"column":37},"end":{"line":243,"column":43}},{"start":{"line":244,"column":4},"end":{"line":244,"column":16}}]},"36":{"line":250,"type":"if","locations":[{"start":{"line":250,"column":0},"end":{"line":250,"column":0}},{"start":{"line":250,"column":0},"end":{"line":250,"column":0}}]},"37":{"line":250,"type":"binary-expr","locations":[{"start":{"line":250,"column":4},"end":{"line":250,"column":33}},{"start":{"line":250,"column":37},"end":{"line":250,"column":51}}]},"38":{"line":252,"type":"if","locations":[{"start":{"line":252,"column":7},"end":{"line":252,"column":7}},{"start":{"line":252,"column":7},"end":{"line":252,"column":7}}]},"39":{"line":252,"type":"binary-expr","locations":[{"start":{"line":252,"column":12},"end":{"line":252,"column":41}},{"start":{"line":252,"column":45},"end":{"line":252,"column":60}},{"start":{"line":252,"column":66},"end":{"line":252,"column":84}}]}},"code":["/* FileSaver.js"," * A saveAs() FileSaver implementation."," * 1.1.20150716"," *"," * By Eli Grey, http://eligrey.com"," * License: X11/MIT"," *   See https://github.com/eligrey/FileSaver.js/blob/master/LICENSE.md"," */","","/*global self */","/*jslint bitwise: true, indent: 4, laxbreak: true, laxcomma: true, smarttabs: true, plusplus: true */","","/*! @source http://purl.eligrey.com/github/FileSaver.js/blob/master/FileSaver.js */","","var saveAs = saveAs || (function(view) {","\t\"use strict\";","\t// IE <10 is explicitly unsupported","\tif (typeof navigator !== \"undefined\" && /MSIE [1-9]\\./.test(navigator.userAgent)) {","\t\treturn;","\t}","\tvar","\t\t  doc = view.document","\t\t  // only get URL when necessary in case Blob.js hasn't overridden it yet","\t\t, get_URL = function() {","\t\t\treturn view.URL || view.webkitURL || view;","\t\t}","\t\t, save_link = doc.createElementNS(\"http://www.w3.org/1999/xhtml\", \"a\")","\t\t, can_use_save_link = \"download\" in save_link","\t\t, click = function(node) {","\t\t\tvar event = new MouseEvent(\"click\");","\t\t\tnode.dispatchEvent(event);","\t\t}","\t\t, webkit_req_fs = view.webkitRequestFileSystem","\t\t, req_fs = view.requestFileSystem || webkit_req_fs || view.mozRequestFileSystem","\t\t, throw_outside = function(ex) {","\t\t\t(view.setImmediate || view.setTimeout)(function() {","\t\t\t\tthrow ex;","\t\t\t}, 0);","\t\t}","\t\t, force_saveable_type = \"application/octet-stream\"","\t\t, fs_min_size = 0","\t\t// See https://code.google.com/p/chromium/issues/detail?id=375297#c7 and","\t\t// https://github.com/eligrey/FileSaver.js/commit/485930a#commitcomment-8768047","\t\t// for the reasoning behind the timeout and revocation flow","\t\t, arbitrary_revoke_timeout = 500 // in ms","\t\t, revoke = function(file) {","\t\t\tvar revoker = function() {","\t\t\t\tif (typeof file === \"string\") { // file is an object URL","\t\t\t\t\tget_URL().revokeObjectURL(file);","\t\t\t\t} else { // file is a File","\t\t\t\t\tfile.remove();","\t\t\t\t}","\t\t\t};","\t\t\tif (view.chrome) {","\t\t\t\trevoker();","\t\t\t} else {","\t\t\t\tsetTimeout(revoker, arbitrary_revoke_timeout);","\t\t\t}","\t\t}","\t\t, dispatch = function(filesaver, event_types, event) {","\t\t\tevent_types = [].concat(event_types);","\t\t\tvar i = event_types.length;","\t\t\twhile (i--) {","\t\t\t\tvar listener = filesaver[\"on\" + event_types[i]];","\t\t\t\tif (typeof listener === \"function\") {","\t\t\t\t\ttry {","\t\t\t\t\t\tlistener.call(filesaver, event || filesaver);","\t\t\t\t\t} catch (ex) {","\t\t\t\t\t\tthrow_outside(ex);","\t\t\t\t\t}","\t\t\t\t}","\t\t\t}","\t\t}","\t\t, auto_bom = function(blob) {","\t\t\t// prepend BOM for UTF-8 XML and text/* types (including HTML)","\t\t\tif (/^\\s*(?:text\\/\\S*|application\\/xml|\\S*\\/\\S*\\+xml)\\s*;.*charset\\s*=\\s*utf-8/i.test(blob.type)) {","\t\t\t\treturn new Blob([\"\\ufeff\", blob], {type: blob.type});","\t\t\t}","\t\t\treturn blob;","\t\t}","\t\t, FileSaver = function(blob, name, no_auto_bom) {","\t\t\tif (!no_auto_bom) {","\t\t\t\tblob = auto_bom(blob);","\t\t\t}","\t\t\t// First try a.download, then web filesystem, then object URLs","\t\t\tvar","\t\t\t\t  filesaver = this","\t\t\t\t, type = blob.type","\t\t\t\t, blob_changed = false","\t\t\t\t, object_url","\t\t\t\t, target_view","\t\t\t\t, dispatch_all = function() {","\t\t\t\t\tdispatch(filesaver, \"writestart progress write writeend\".split(\" \"));","\t\t\t\t}","\t\t\t\t// on any filesys errors revert to saving with object URLs","\t\t\t\t, fs_error = function() {","\t\t\t\t\t// don't create more object URLs than needed","\t\t\t\t\tif (blob_changed || !object_url) {","\t\t\t\t\t\tobject_url = get_URL().createObjectURL(blob);","\t\t\t\t\t}","\t\t\t\t\tif (target_view) {","\t\t\t\t\t\ttarget_view.location.href = object_url;","\t\t\t\t\t} else {","\t\t\t\t\t\tvar new_tab = view.open(object_url, \"_blank\");","\t\t\t\t\t\tif (new_tab == undefined && typeof safari !== \"undefined\") {","\t\t\t\t\t\t\t//Apple do not allow window.open, see http://bit.ly/1kZffRI","\t\t\t\t\t\t\tview.location.href = object_url","\t\t\t\t\t\t}","\t\t\t\t\t}","\t\t\t\t\tfilesaver.readyState = filesaver.DONE;","\t\t\t\t\tdispatch_all();","\t\t\t\t\trevoke(object_url);","\t\t\t\t}","\t\t\t\t, abortable = function(func) {","\t\t\t\t\treturn function() {","\t\t\t\t\t\tif (filesaver.readyState !== filesaver.DONE) {","\t\t\t\t\t\t\treturn func.apply(this, arguments);","\t\t\t\t\t\t}","\t\t\t\t\t};","\t\t\t\t}","\t\t\t\t, create_if_not_found = {create: true, exclusive: false}","\t\t\t\t, slice","\t\t\t;","\t\t\tfilesaver.readyState = filesaver.INIT;","\t\t\tif (!name) {","\t\t\t\tname = \"download\";","\t\t\t}","\t\t\tif (can_use_save_link) {","\t\t\t\tobject_url = get_URL().createObjectURL(blob);","\t\t\t\tsave_link.href = object_url;","\t\t\t\tsave_link.download = name;","\t\t\t\tsetTimeout(function() {","\t\t\t\t\tclick(save_link);","\t\t\t\t\tdispatch_all();","\t\t\t\t\trevoke(object_url);","\t\t\t\t\tfilesaver.readyState = filesaver.DONE;","\t\t\t\t});","\t\t\t\treturn;","\t\t\t}","\t\t\t// Object and web filesystem URLs have a problem saving in Google Chrome when","\t\t\t// viewed in a tab, so I force save with application/octet-stream","\t\t\t// http://code.google.com/p/chromium/issues/detail?id=91158","\t\t\t// Update: Google errantly closed 91158, I submitted it again:","\t\t\t// https://code.google.com/p/chromium/issues/detail?id=389642","\t\t\tif (view.chrome && type && type !== force_saveable_type) {","\t\t\t\tslice = blob.slice || blob.webkitSlice;","\t\t\t\tblob = slice.call(blob, 0, blob.size, force_saveable_type);","\t\t\t\tblob_changed = true;","\t\t\t}","\t\t\t// Since I can't be sure that the guessed media type will trigger a download","\t\t\t// in WebKit, I append .download to the filename.","\t\t\t// https://bugs.webkit.org/show_bug.cgi?id=65440","\t\t\tif (webkit_req_fs && name !== \"download\") {","\t\t\t\tname += \".download\";","\t\t\t}","\t\t\tif (type === force_saveable_type || webkit_req_fs) {","\t\t\t\ttarget_view = view;","\t\t\t}","\t\t\tif (!req_fs) {","\t\t\t\tfs_error();","\t\t\t\treturn;","\t\t\t}","\t\t\tfs_min_size += blob.size;","\t\t\treq_fs(view.TEMPORARY, fs_min_size, abortable(function(fs) {","\t\t\t\tfs.root.getDirectory(\"saved\", create_if_not_found, abortable(function(dir) {","\t\t\t\t\tvar save = function() {","\t\t\t\t\t\tdir.getFile(name, create_if_not_found, abortable(function(file) {","\t\t\t\t\t\t\tfile.createWriter(abortable(function(writer) {","\t\t\t\t\t\t\t\twriter.onwriteend = function(event) {","\t\t\t\t\t\t\t\t\ttarget_view.location.href = file.toURL();","\t\t\t\t\t\t\t\t\tfilesaver.readyState = filesaver.DONE;","\t\t\t\t\t\t\t\t\tdispatch(filesaver, \"writeend\", event);","\t\t\t\t\t\t\t\t\trevoke(file);","\t\t\t\t\t\t\t\t};","\t\t\t\t\t\t\t\twriter.onerror = function() {","\t\t\t\t\t\t\t\t\tvar error = writer.error;","\t\t\t\t\t\t\t\t\tif (error.code !== error.ABORT_ERR) {","\t\t\t\t\t\t\t\t\t\tfs_error();","\t\t\t\t\t\t\t\t\t}","\t\t\t\t\t\t\t\t};","\t\t\t\t\t\t\t\t\"writestart progress write abort\".split(\" \").forEach(function(event) {","\t\t\t\t\t\t\t\t\twriter[\"on\" + event] = filesaver[\"on\" + event];","\t\t\t\t\t\t\t\t});","\t\t\t\t\t\t\t\twriter.write(blob);","\t\t\t\t\t\t\t\tfilesaver.abort = function() {","\t\t\t\t\t\t\t\t\twriter.abort();","\t\t\t\t\t\t\t\t\tfilesaver.readyState = filesaver.DONE;","\t\t\t\t\t\t\t\t};","\t\t\t\t\t\t\t\tfilesaver.readyState = filesaver.WRITING;","\t\t\t\t\t\t\t}), fs_error);","\t\t\t\t\t\t}), fs_error);","\t\t\t\t\t};","\t\t\t\t\tdir.getFile(name, {create: false}, abortable(function(file) {","\t\t\t\t\t\t// delete file if it already exists","\t\t\t\t\t\tfile.remove();","\t\t\t\t\t\tsave();","\t\t\t\t\t}), abortable(function(ex) {","\t\t\t\t\t\tif (ex.code === ex.NOT_FOUND_ERR) {","\t\t\t\t\t\t\tsave();","\t\t\t\t\t\t} else {","\t\t\t\t\t\t\tfs_error();","\t\t\t\t\t\t}","\t\t\t\t\t}));","\t\t\t\t}), fs_error);","\t\t\t}), fs_error);","\t\t}","\t\t, FS_proto = FileSaver.prototype","\t\t, saveAs = function(blob, name, no_auto_bom) {","\t\t\treturn new FileSaver(blob, name, no_auto_bom);","\t\t}","\t;","\t// IE 10+ (native saveAs)","\tif (typeof navigator !== \"undefined\" && navigator.msSaveOrOpenBlob) {","\t\treturn function(blob, name, no_auto_bom) {","\t\t\tif (!no_auto_bom) {","\t\t\t\tblob = auto_bom(blob);","\t\t\t}","\t\t\treturn navigator.msSaveOrOpenBlob(blob, name || \"download\");","\t\t};","\t}","","\tFS_proto.abort = function() {","\t\tvar filesaver = this;","\t\tfilesaver.readyState = filesaver.DONE;","\t\tdispatch(filesaver, \"abort\");","\t};","\tFS_proto.readyState = FS_proto.INIT = 0;","\tFS_proto.WRITING = 1;","\tFS_proto.DONE = 2;","","\tFS_proto.error =","\tFS_proto.onwritestart =","\tFS_proto.onprogress =","\tFS_proto.onwrite =","\tFS_proto.onabort =","\tFS_proto.onerror =","\tFS_proto.onwriteend =","\t\tnull;","","\treturn saveAs;","}(","\t   typeof self !== \"undefined\" && self","\t|| typeof window !== \"undefined\" && window","\t|| this.content","));","// `self` is undefined in Firefox for Android content script context","// while `this` is nsIContentFrameMessageManager","// with an attribute `content` that corresponds to the window","","if (typeof module !== \"undefined\" && module.exports) {","  module.exports.saveAs = saveAs;","} else if ((typeof define !== \"undefined\" && define !== null) && (define.amd != null)) {","  define([], function() {","    return saveAs;","  });","}",""],"l":{"15":3,"18":3,"19":0,"21":3,"25":0,"30":0,"31":0,"36":0,"37":0,"47":0,"48":0,"49":0,"51":0,"54":0,"55":0,"57":0,"61":0,"62":0,"63":0,"64":0,"65":0,"66":0,"67":0,"69":0,"76":0,"77":0,"79":0,"82":0,"83":0,"86":0,"93":0,"98":0,"99":0,"101":0,"102":0,"104":0,"105":0,"107":0,"110":0,"111":0,"112":0,"115":0,"116":0,"117":0,"124":0,"125":0,"126":0,"128":0,"129":0,"130":0,"131":0,"132":0,"133":0,"134":0,"135":0,"136":0,"138":0,"145":0,"146":0,"147":0,"148":0,"153":0,"154":0,"156":0,"157":0,"159":0,"160":0,"161":0,"163":0,"164":0,"165":0,"166":0,"167":0,"168":0,"169":0,"170":0,"171":0,"172":0,"173":0,"175":0,"176":0,"177":0,"178":0,"181":0,"182":0,"184":0,"185":0,"186":0,"187":0,"189":0,"193":0,"195":0,"196":0,"198":0,"199":0,"201":0,"209":0,"213":0,"214":0,"215":0,"216":0,"218":0,"222":0,"223":0,"224":0,"225":0,"227":0,"228":0,"229":0,"231":0,"240":0,"250":0,"251":
[...]
"2":0,"3":0,"4":0,"5":0,"6":0,"7":0,"8":0,"9":0,"10":0,"11":0,"12":0,"13":0,"14":0,"15":0,"16":0,"17":0,"18":0,"19":0,"20":0,"21":0,"22":0,"23":0,"24":0,"25":0,"26":0,"27":0,"28":0,"29":0,"30":0,"31":0,"32":0,"33":0,"34":0,"35":0,"36":0,"37":0,"38":0,"39":0,"40":0,"41":0,"42":0,"43":0,"44":0,"45":0,"46":0,"47":0,"48":0,"49":0,"50":0,"51":0,"52":0,"53":0,"54":0,"55":0,"56":0,"57":0,"58":0,"59":0,"60":0,"61":0,"62":0,"63":0,"64":0,"65":0,"66":0,"67":0,"68":0,"69":0,"70":0,"71":0,"72":0,"73":0,"74":0,"75":0,"76":0,"77":0,"78":0,"79":0,"80":0,"81":0,"82":0,"83":0,"84":0,"85":0,"86":0,"87":0,"88":0,"89":0,"90":0,"91":0,"92":0},"b":{"1":[0,0],"2":[0,0],"3":[0,0],"4":[0,0],"5":[0,0],"6":[0,0],"7":[0,0],"8":[0,0],"9":[0,0],"10":[0,0],"11":[0,0],"12":[0,0],"13":[0,0],"14":[0,0],"15":[0,0],"16":[0,0],"17":[0,0],"18":[0,0],"19":[0,0],"20":[0,0]},"f":{"1":0,"2":0,"3":0,"4":0,"5":0,"6":0,"7":0,"8":0,"9":0,"10":0,"11":0,"12":0,"13":0,"14":0,"15":0,"16":0},"fnMap":{"1":{"name":"(anonymous_1)","line":14,"loc":{"start":{"line":14,"column":1},"end":{"line":14,"column":16}}},"2":{"name":"(anonymous_2)","line":20,"loc":{"start":{"line":20,"column":7},"end":{"line":20,"column":20}}},"3":{"name":"(anonymous_3)","line":25,"loc":{"start":{"line":25,"column":14},"end":{"line":25,"column":25}}},"4":{"name":"(anonymous_4)","line":47,"loc":{"start":{"line":47,"column":15},"end":{"line":47,"column":40}}},"5":{"name":"(anonymous_5)","line":52,"loc":{"start":{"line":52,"column":10},"end":{"line":52,"column":20}}},"6":{"name":"(anonymous_6)","line":73,"loc":{"start":{"line":73,"column":18},"end":{"line":73,"column":29}}},"7":{"name":"(anonymous_7)","line":78,"loc":{"start":{"line":78,"column":17},"end":{"line":78,"column":31}}},"8":{"name":"(anonymous_8)","line":96,"loc":{"start":{"line":96,"column":21},"end":{"line":96,"column":36}}},"9":{"name":"(anonymous_9)","line":144,"loc":{"start":{"line":144,"column":46},"end":{"line":144,"column":57}}},"10":{"name":"(anonymous_10)","line":151,"loc":{"start":{"line":151,"column":37},"end":{"line":151,"column":53}}},"11":{"name":"(anonymous_11)","line":157,"loc":{"start":{"line":157,"column":37},"end":{"line":157,"column":53}}},"12":{"name":"(anonymous_12)","line":166,"loc":{"start":{"line":166,"column":47},"end":{"line":166,"column":63}}},"13":{"name":"(anonymous_13)","line":168,"loc":{"start":{"line":168,"column":15},"end":{"line":168,"column":30}}},"14":{"name":"(anonymous_14)","line":176,"loc":{"start":{"line":176,"column":45},"end":{"line":176,"column":61}}},"15":{"name":"(anonymous_15)","line":188,"loc":{"start":{"line":188,"column":45},"end":{"line":188,"column":61}}},"16":{"name":"(anonymous_16)","line":204,"loc":{"start":{"line":204,"column":32},"end":{"line":204,"column":43}}}},"statementMap":{"1":{"start":{"line":14,"column":0},"end":{"line":216,"column":9}},"2":{"start":{"line":18,"column":0},"end":{"line":118,"column":1}},"3":{"start":{"line":21,"column":2},"end":{"line":21,"column":37}},"4":{"start":{"line":26,"column":2},"end":{"line":26,"column":19}},"5":{"start":{"line":48,"column":2},"end":{"line":48,"column":19}},"6":{"start":{"line":49,"column":2},"end":{"line":49,"column":19}},"7":{"start":{"line":50,"column":2},"end":{"line":50,"column":29}},"8":{"start":{"line":53,"column":2},"end":{"line":53,"column":30}},"9":{"start":{"line":54,"column":2},"end":{"line":54,"column":20}},"10":{"start":{"line":55,"column":2},"end":{"line":55,"column":25}},"11":{"start":{"line":56,"column":2},"end":{"line":56,"column":30}},"12":{"start":{"line":57,"column":2},"end":{"line":60,"column":3}},"13":{"start":{"line":61,"column":2},"end":{"line":71,"column":3}},"14":{"start":{"line":62,"column":3},"end":{"line":62,"column":19}},"15":{"start":{"line":63,"column":3},"end":{"line":67,"column":4}},"16":{"start":{"line":64,"column":4},"end":{"line":64,"column":45}},"17":{"start":{"line":66,"column":4},"end":{"line":66,"column":43}},"18":{"start":{"line":68,"column":3},"end":{"line":68,"column":40}},"19":{"start":{"line":69,"column":3},"end":{"line":69,"column":19}},"20":{"start":{"line":70,"column":3},"end":{"line":70,"column":16}},"21":{"start":{"line":74,"column":2},"end":{"line":74,"column":18}},"22":{"start":{"line":79,"column":2},"end":{"line":84,"column":3}},"23":{"start":{"line":85,"column":2},"end":{"line":93,"column":3}},"24":{"start":{"line":86,"column":3},"end":{"line":86,"column":44}},"25":{"start":{"line":87,"column":3},"end":{"line":92,"column":4}},"26":{"start":{"line":88,"column":4},"end":{"line":88,"column":48}},"27":{"start":{"line":89,"column":4},"end":{"line":91,"column":5}},"28":{"start":{"line":90,"column":5},"end":{"line":90,"column":24}},"29":{"start":{"line":97,"column":2},"end":{"line":107,"column":3}},"30":{"start":{"line":108,"column":2},"end":{"line":108,"column":72}},"31":{"start":{"line":109,"column":2},"end":{"line":111,"column":3}},"32":{"start":{"line":110,"column":3},"end":{"line":110,"column":67}},"33":{"start":{"line":112,"column":2},"end":{"line":112,"column":36}},"34":{"start":{"line":113,"column":2},"end":{"line":115,"column":3}},"35":{"start":{"line":114,"column":3},"end":{"line":114,"column":53}},"36":{"start":{"line":116,"column":2},"end":{"line":116,"column":13}},"37":{"start":{"line":119,"column":0},"end":{"line":119,"column":19}},"38":{"start":{"line":120,"column":0},"end":{"line":120,"column":20}},"39":{"start":{"line":122,"column":2},"end":{"line":124,"column":1}},"40":{"start":{"line":123,"column":1},"end":{"line":123,"column":33}},"41":{"start":{"line":124,"column":2},"end":{"line":126,"column":1}},"42":{"start":{"line":125,"column":1},"end":{"line":125,"column":33}},"43":{"start":{"line":126,"column":2},"end":{"line":128,"column":1}},"44":{"start":{"line":127,"column":1},"end":{"line":127,"column":39}},"45":{"start":{"line":128,"column":2},"end":{"line":130,"column":1}},"46":{"start":{"line":129,"column":1},"end":{"line":129,"column":49}},"47":{"start":{"line":130,"column":2},"end":{"line":132,"column":1}},"48":{"start":{"line":131,"column":1},"end":{"line":131,"column":27}},"49":{"start":{"line":132,"column":2},"end":{"line":134,"column":1}},"50":{"start":{"line":133,"column":1},"end":{"line":133,"column":45}},"51":{"start":{"line":134,"column":2},"end":{"line":136,"column":1}},"52":{"start":{"line":135,"column":1},"end":{"line":135,"column":31}},"53":{"start":{"line":136,"column":2},"end":{"line":138,"column":1}},"54":{"start":{"line":137,"column":1},"end":{"line":137,"column":45}},"55":{"start":{"line":140,"column":0},"end":{"line":140,"column":15}},"56":{"start":{"line":141,"column":0},"end":{"line":141,"column":7}},"57":{"start":{"line":142,"column":0},"end":{"line":142,"column":16}},"58":{"start":{"line":144,"column":0},"end":{"line":150,"column":10}},"59":{"start":{"line":145,"column":1},"end":{"line":145,"column":29}},"60":{"start":{"line":146,"column":1},"end":{"line":149,"column":4}},"61":{"start":{"line":151,"column":0},"end":{"line":156,"column":10}},"62":{"start":{"line":152,"column":1},"end":{"line":152,"column":24}},"63":{"start":{"line":153,"column":1},"end":{"line":153,"column":16}},"64":{"start":{"line":154,"column":1},"end":{"line":154,"column":83}},"65":{"start":{"line":155,"column":1},"end":{"line":155,"column":8}},"66":{"start":{"line":157,"column":0},"end":{"line":162,"column":10}},"67":{"start":{"line":158,"column":1},"end":{"line":161,"column":2}},"68":{"start":{"line":159,"column":2},"end":{"line":159,"column":83}},"69":{"start":{"line":160,"column":2},"end":{"line":160,"column":9}},"70":{"start":{"line":163,"column":0},"end":{"line":163,"column":56}},"71":{"start":{"line":164,"column":0},"end":{"line":164,"column":57}},"72":{"start":{"line":166,"column":0},"end":{"line":174,"column":10}},"73":{"start":{"line":167,"column":1},"end":{"line":167,"column":24}},"74":{"start":{"line":168,"column":1},"end":{"line":173,"column":17}},"75":{"start":{"line":169,"column":2},"end":{"line":172,"column":4}},"76":{"start":{"line":176,"column":0},"end":{"line":186,"column":10}},"77":{"start":{"line":177,"column":1},"end":{"line":177,"column":24}},"78":{"start":{"line":178,"column":1},"end":{"line":178,"column":21}},"79":{"start":{"line":179,"column":1},"end":{"line":185,"column":3}},"80":{"start":{"line":188,"column":0},"end":{"line":202,"column":10}},"81":{"start":{"line":189,"column":1},"end":{"line":189,"column":24}},"82":{"start":{"line":190,"column":1},"end":{"line":194,"column":2}},"83":{"start":{"line":195,"column":1},"end":{"line":201,"column":3}},"84":{"start":{"line":204,"column":0},"end":{"line":215,"column":10}},"85":{"start":{"line":205,"column":1},"end":{"line":205,"column":45}},"86":{"start":{"line":206,"column":1},"end":{"line":206,"column":45}},"87":{"start":{"line":207,"column":1},"end":{"line":207,"column":51}},"88":{"start":{"line":208,"column":1},"end":{"line":208,"column":49}},"89":{"start":{"line":210,"column":1},"end":{"line":210,"column":27}},"90":{"start":{"line":211,"column":1},"end":{"line":211,"column":45}},"91":{"start":{"line":213,"column":1},"end":{"line":213,"column":31}},"92":{"start":{"line":214,"column":1},"end":{"line":214,"column":45}}},"branchMap":{"1":{"line":44,"type":"binary-expr","locations":[{"start":{"line":44,"column":14},"end":{"line":44,"column":30}},{"start":{"line":44,"column":34},"end":{"line":44,"column":36}}]},"2":{"line":45,"type":"binary-expr","locations":[{"start":{"line":45,"column":14},"end":{"line":45,"column":30}},{"start":{"line":45,"column":34},"end":{"line":45,"column":36}}]},"3":{"line":46,"type":"binary-expr","locations":[{"start":{"line":46,"column":17},"end":{"line":46,"column":36}},{"start":{"line":46,"column":40},"end":{"line":46,"column":42}}]},"4":{"line":63,"type":"if","locations":[{"start":{"line":63,"column":3},"end":{"line":63,"column":3}},{"start":{"line":63,"column":3},"end":{"line":63,"column":3}}]},"5":{"line":63,"type":"binary-expr","locations":[{"start":{"line":63,"column":7},"end":{"line":63,"column":8}},{"start":{"line":63,"column":12},"end":{"line":63,"column":26}}]},"6":{"line":89,"type":"if","locations":[{"start":{"line":89,"column":4},"end":{"line":89,"column":4}},{"start":{"line":89,"column":4},"end":{"line":89,"column":4}}]},"7":{"line":113,"type":"if","locations":[{"start":{"line":113,"column":2},"end":{"line":113,"column":2}},{"start":{"line":113,"column":2},"end":{"line":113,"column":2}}]},"8":{"line":122,"type":"if","locations":[{"start":{"line":122,"column":2},"end":{"line":122,"column":2}},{"start":{"line":122,"column":2},"end":{"line":122,"column":2}}]},"9":{"line":124,"type":"if","locations":[{"start":{"line":124,"column":2},"end":{"line":124,"column":2}},{"start":{"line":124,"column":2},"end":{"line":124,"column":2}}]},"10":{"line":126,"type":"if","locations":[{"start":{"line":126,"column":2},"end":{"line":126,"column":2}},{"start":{"line":126,"column":2},"end":{"line":126,"column":2}}]},"11":{"line":128,"type":"if","locations":[{"start":{"line":128,"column":2},"end":{"line":128,"column":2}},{"start":{"line":128,"column":2},"end":{"line":128,"column":2}}]},"12":{"line":130,"type":"if","locations":[{"start":{"line":130,"column":2},"end":{"line":130,"column":2}},{"start":{"line":130,"column":2},"end":{"line":130,"column":2}}]},"13":{"line":132,"type":"if","locations":[{"start":{"line":132,"column":2},"end":{"line":132,"column":2}},{"start":{"line":132,"column":2},"end":{"line":132,"column":2}}]},"14":{"line":134,"type":"if","locations":[{"start":{"line":134,"column":2},"end":{"line":134,"column":2}},{"start":{"line":134,"column":2},"end":{"line":134,"column":2}}]},"15":{"line":136,"type":"if","locations":[{"start":{"line":136,"column":2},"end":{"line":136,"column":2}},{"start":{"line":136,"column":2},"end":{"line":136,"column":2}}]},"16":{"line":158,"type":"if","locations":[{"start":{"line":158,"column":1},"end":{"line":158,"column":1}},{"start":{"line":158,"column":1},"end":{"line":158,"column":1}}]},"17":{"line":171,"type":"binary-expr","locations":[{"start":{"line":171,"column":6},"end":{"line":171,"column":27}},{"start":{"line":171,"column":31},"end":{"line":171,"column":58}}]},"18":{"line":181,"type":"binary-expr","locations":[{"start":{"line":181,"column":6},"end":{"line":181,"column":16}},{"start":{"line":181,"column":20},"end":{"line":181,"column":36}}]},"19":{"line":184,"type":"binary-expr","locations":[{"start":{"line":184,"column":5},"end":{"line":184,"column":24}},{"start":{"line":184,"column":28},"end":{"line":184,"column":53}}]},"20":{"line":200,"type":"binary-expr","locations":[{"start":{"line":200,"column":5},"end":{"line":200,"column":24}},{"start":{"line":200,"column":28},"end":{"line":200,"column":53}}]}},"code":["/*! FileSaver.js demo script"," *  2012-01-23"," *"," *  By Eli Grey, http://eligrey.com"," *  License: X11/MIT"," *    See LICENSE.md"," */","","/*! @source http://purl.eligrey.com/github/FileSaver.js/blob/master/demo/demo.js */","","/*jshint laxbreak: true, laxcomma: true, smarttabs: true*/","/*global saveAs, self*/","","(function(view) {","\"use strict\";","// The canvas drawing portion of the demo is based off the demo at","// http://www.williammalone.com/articles/create-html5-canvas-javascript-drawing-app/","var","\t  document = view.document","\t, $ = function(id) {","\t\treturn document.getElementById(id);","\t}","\t, session = view.sessionStorage","\t// only get URL when necessary in case Blob.js hasn't defined it yet","\t, get_blob = function() {","\t\treturn view.Blob;","\t}","","\t, canvas = $(\"canvas\")","\t, canvas_options_form = $(\"canvas-options\")","\t, canvas_filename = $(\"canvas-filename\")","\t, canvas_clear_button = $(\"canvas-clear\")","","\t, text = $(\"text\")","\t, text_options_form = $(\"text-options\")","\t, text_filename = $(\"text-filename\")","","\t, html = $(\"html\")","\t, html_options_form = $(\"html-options\")","\t, html_filename = $(\"html-filename\")","","\t, ctx = canvas.getContext(\"2d\")","\t, drawing = false","\t, x_points = session.x_points || []","\t, y_points = session.y_points || []","\t, drag_points = session.drag_points || []","\t, add_point = function(x, y, dragging) {","\t\tx_points.push(x);","\t\ty_points.push(y);","\t\tdrag_points.push(dragging);","\t}","\t, draw = function(){","\t\tcanvas.width = canvas.width;","\t\tctx.lineWidth = 6;","\t\tctx.lineJoin = \"round\";","\t\tctx.strokeStyle = \"#000000\";","\t\tvar","\t\t\t  i = 0","\t\t\t, len = x_points.length","\t\t;","\t\tfor(; i < len; i++) {","\t\t\tctx.beginPath();","\t\t\tif (i && drag_points[i]) {","\t\t\t\tctx.moveTo(x_points[i-1], y_points[i-1]);","\t\t\t} else {","\t\t\t\tctx.moveTo(x_points[i]-1, y_points[i]);","\t\t\t}","\t\t\tctx.lineTo(x_points[i], y_points[i]);","\t\t\tctx.closePath();","\t\t\tctx.stroke();","\t\t}","\t}","\t, stop_drawing = function() {","\t\tdrawing = false;","\t}","","\t// Title guesser and document creator available at https://gist.github.com/1059648","\t, guess_title = function(doc) {","\t\tvar","\t\t\t  h = \"h6 h5 h4 h3 h2 h1\".split(\" \")","\t\t\t, i = h.length","\t\t\t, headers","\t\t\t, header_text","\t\t;","\t\twhile (i--) {","\t\t\theaders = doc.getElementsByTagName(h[i]);","\t\t\tfor (var j = 0, len = headers.length; j < len; j++) {","\t\t\t\theader_text = headers[j].textContent.trim();","\t\t\t\tif (header_text) {","\t\t\t\t\treturn header_text;","\t\t\t\t}","\t\t\t}","\t\t}","\t}","\t, doc_impl = document.implementation","\t, create_html_doc = function(html) {","\t\tvar","\t\t\t  dt = doc_impl.createDocumentType('html', null, null)","\t\t\t, doc = doc_impl.createDocument(\"http://www.w3.org/1999/xhtml\", \"html\", dt)","\t\t\t, doc_el = doc.documentElement","\t\t\t, head = doc_el.appendChild(doc.createElement(\"head\"))","\t\t\t, charset_meta = head.appendChild(doc.createElement(\"meta\"))","\t\t\t, title = head.appendChild(doc.createElement(\"title\"))","\t\t\t, body = doc_el.appendChild(doc.createElement(\"body\"))","\t\t\t, i = 0","\t\t\t, len = html.childNodes.length","\t\t;","\t\tcharset_meta.setAttribute(\"charset\", html.ownerDocument.characterSet);","\t\tfor (; i < len; i++) {","\t\t\tbody.appendChild(doc.importNode(html.childNodes.item(i), true));","\t\t}","\t\tvar title_text = guess_title(doc);","\t\tif (title_text) {","\t\t\ttitle.appendChild(doc.createTextNode(title_text));","\t\t}","\t\treturn doc;","\t}",";","canvas.width = 500;","canvas.height = 300;","","  if (typeof x_points === \"string\") {","\tx_points = JSON.parse(x_points);","} if (typeof y_points === \"string\") {","\ty_points = JSON.parse(y_points);","} if (typeof drag_points === \"string\") {","\tdrag_points = JSON.parse(drag_points);","} if (session.canvas_filename) {","\tcanvas_filename.value = session.canvas_filename;","} if (session.text) {","\ttext.value = session.text;","} if (session.text_filename) {","\ttext_filename.value = session.text_filename;","} if (session.html) {","\thtml.innerHTML = session.html;","} if (session.html_filename) {","\thtml_filename.value = session.html_filename;","}","","drawing = true;","draw();","drawing = false;","","canvas_clear_button.addEventListener(\"click\", function() {","\tcanvas.width = canvas.width;","\tx_points.length =","\ty_points.length =","\tdrag_points.length =","\t\t0;","}, false);","canvas.addEventListener(\"mousedown\", function(event) {","\tevent.preventDefault();","\tdrawing = true;","\tadd_point(event.pageX - canvas.offsetLeft, event.pageY - canvas.offsetTop, false);","\tdraw();","}, false);","canvas.addEventListener(\"mousemove\", function(event) {","\tif (drawing) {","\t\tadd_point(event.pageX - canvas.offsetLeft, event.pageY - canvas.offsetTop, true);","\t\tdraw();","\t}","}, false);","canvas.addEventListener(\"mouseup\", stop_drawing, false);","canvas.addEventListener(\"mouseout\", stop_drawing, false);","","canvas_options_form.addEventListener(\"submit\", function(event) {","\tevent.preventDefault();","\tcanvas.toBlob(function(blob) {","\t\tsaveAs(","\t\t\t  blob","\t\t\t, (canvas_filename.value || canvas_filename.placeholder) + \".png\"","\t\t);","\t}, \"image/png\");","}, false);","","text_options_form.addEventListener(\"submit\", function(event) {","\tevent.preventDefault();","\tvar BB = get_blob();","\tsaveAs(","\t\t  new BB(","\t\t\t  [text.value || text.placeholder]","\t\t\t, {type: \"text/plain;charset=\" + document.characterSet}","\t\t)","\t\t, (text_filename.value || text_filename.placeholder) + \".txt\"","\t);","}, false);","","html_options_form.addEventListener(\"submit\", function(event) {","\tevent.preventDefault();","\tvar","\t\t  BB = get_blob()","\t\t, xml_serializer = new XMLSerializer()","\t\t, doc = create_html_doc(html)","\t;","\tsaveAs(","\t\t  new BB(","\t\t\t  [xml_serializer.serializeToString(doc)]","\t\t\t, {type: \"application/xhtml+xml;charset=\" + document.characterSet}","\t\t)","\t\t, (html_filename.value || html_filename.placeholder) + \".xhtml\"","\t);","}, false);","","view.addEventListener(\"unload\", function() {","\tsession.x_points = JSON.stringify(x_points);","\tsession.y_points = JSON.stringify(y_points);","\tsession.drag_points = JSON.stringify(drag_points);","\tsession.canvas_filename = canvas_filename.value;","","\tsession.text = text.value;","\tsession.text_filename = text_filename.value;","","\tsession.html = html.innerHTML;","\tsession.html_filename = html_filename.value;","}, false);","}(self));",""],"l":{"14":2,"18":0,"21":0,"26":0,"48":0,"49":0,"50":0,"53":0,"54":0,"55":0,"56":0,"57":0,"61":0,"62":0,"63":0,"64":0,"66":0,"68":0,"69":0,"70":0,"74":0,"79":0,"85":0,"86":0,"87":0,"88":0,"89":0,"90":0,"97":0,"108":0,"109":0,"110":0,"112":0,"113":0,"114":0,"116":0,"119":0,"120":0,"122":0,"123":0,"124":0,"125":0,"126":0,"127":0,"128":0,"129":0,"130":0,"131":0,"132":0,"133":0,"134":0,"135":0,"136":0,"137":0,"140":0,"141":0,"142":0,"144":0,"145":0,"146":0,"151":0,"152":0,"153":0,"154":0,"155":0,"157":0,"158":0,"159":0,"160":0,"163":0,"164":0,"166":0,"167":0,"168":0,"169":0,"176":0,"177":0,"178":0,"179":0,"188":0,"189":0,"190":0,"195":0,"204":0,"205":0,"206":0,"207":0,"208":0,"210":0,"211":0,"213":0,"214":0}}}